#
# A fatal error has been detected by the Java Runtime Environment:
#
#  EXCEPTION_ACCESS_VIOLATION (0xc0000005) at pc=0x000000007708a365, pid=11360, tid=17492
#
# JRE version: OpenJDK Runtime Environment (11.0.2+9) (build 11.0.2+9)
# Java VM: OpenJDK 64-Bit Server VM (11.0.2+9, mixed mode, sharing, tiered, compressed oops, g1 gc, windows-amd64)
# Problematic frame:
# C  [ntdll.dll+0x2a365]
#
# No core dump will be written. Minidumps are not enabled by default on client versions of Windows
#
# If you would like to submit a bug report, please visit:
#   https://github.com/AdoptOpenJDK/openjdk-build/issues
#

---------------  S U M M A R Y ------------

Command Line: -Xmx128m -XX:MaxMetaspaceSize=128m -Djava.net.preferIPv4Stack=true -Xshare:on -XX:SharedArchiveFile=classes.jsa -Xlog:class+path=info:file=log\cds.log ftc.pc.soa.proxy.restorun.Restorun --spring.profiles.active=dev --spring.config.name=restorun --logging.config=config/logback-console.xml

Host: Intel(R) Core(TM) i7-3770 CPU @ 3.40GHz, 8 cores, 15G,  Windows 7 , 64 bit Build 7601 (6.1.7601.24354)
Time: Fri Mar 15 18:20:25 2019 Iiaineae?neia noaiaa?oiia a?aiy elapsed time: 0 seconds (0d 0h 0m 0s)

---------------  T H R E A D  ---------------

Current thread (0x0000000000258800):  JavaThread "main" [_thread_in_vm, id=17492, stack(0x0000000001e80000,0x0000000001f80000)]

Stack: [0x0000000001e80000,0x0000000001f80000],  sp=0x0000000001f7dd30,  free space=1015k
Native frames: (J=compiled Java code, j=interpreted, Vv=VM code, C=native code)
C  [ntdll.dll+0x2a365]

Java frames: (J=compiled Java code, j=interpreted, Vv=VM code)
j  java.lang.ClassLoader.findBootstrapClass(Ljava/lang/String;)Ljava/lang/Class;+0 java.base@11.0.2
j  java.lang.ClassLoader.findBootstrapClassOrNull(Ljava/lang/String;)Ljava/lang/Class;+12 java.base@11.0.2
j  java.lang.System$2.findBootstrapClassOrNull(Ljava/lang/ClassLoader;Ljava/lang/String;)Ljava/lang/Class;+2 java.base@11.0.2
j  jdk.internal.loader.ClassLoaders$BootClassLoader.loadClassOrNull(Ljava/lang/String;)Ljava/lang/Class;+5 java.base@11.0.2
j  jdk.internal.loader.BuiltinClassLoader.loadClassOrNull(Ljava/lang/String;Z)Ljava/lang/Class;+86 java.base@11.0.2
j  jdk.internal.loader.BuiltinClassLoader.loadClassOrNull(Ljava/lang/String;)Ljava/lang/Class;+3 java.base@11.0.2
j  jdk.internal.loader.BuiltinClassLoader.loadClassOrNull(Ljava/lang/String;Z)Ljava/lang/Class;+86 java.base@11.0.2
j  jdk.internal.loader.BuiltinClassLoader.loadClass(Ljava/lang/String;Z)Ljava/lang/Class;+3 java.base@11.0.2
j  jdk.internal.loader.ClassLoaders$AppClassLoader.loadClass(Ljava/lang/String;Z)Ljava/lang/Class;+36 java.base@11.0.2
j  java.lang.ClassLoader.loadClass(Ljava/lang/String;)Ljava/lang/Class;+3 java.base@11.0.2
v  ~StubRoutines::call_stub
j  ftc.pc.soa.proxy.restorun.Restorun.main([Ljava/lang/String;)V+3
v  ~StubRoutines::call_stub

siginfo: EXCEPTION_ACCESS_VIOLATION (0xc0000005), reading address 0x00000906e22a4c18


Register to memory mapping:

RIP=0x000000007708a365 ntdll.dll
RAX=0x000000000000004b is an unknown value
RBX=0x00000906e22a4c10 is an unknown value
RCX=0x000000ffffffffff is an unknown value
RDX=0x0 is NULL
RSP=0x0000000001f7dd30 is pointing into the stack for thread: 0x0000000000258800
RBP=0x000000001ed8d1c0 points into unknown readable memory: 00 88 25 00 00 00 00 00
RSI=0x0 is NULL
RDI=0x0 is NULL
R8 =0x000000001ed8d1b0 points into unknown readable memory: 01 00 00 00 18 00 00 00
R9 =0x0000000801d85268 is pointing into metadata
R10=0x0 is NULL
R11=0x0000000000000200 is an unknown value
R12=0x00000000001a0000 points into unknown readable memory: 00 00 00 00 00 00 00 00
R13=0x00000000243bcaad is an unknown value
R14=0x0000000000258800 is a thread
R15=0x0 is NULL


Registers:
RAX=0x000000000000004b, RBX=0x00000906e22a4c10, RCX=0x000000ffffffffff, RDX=0x0000000000000000
RSP=0x0000000001f7dd30, RBP=0x000000001ed8d1c0, RSI=0x0000000000000000, RDI=0x0000000000000000
R8 =0x000000001ed8d1b0, R9 =0x0000000801d85268, R10=0x0000000000000000, R11=0x0000000000000200
R12=0x00000000001a0000, R13=0x00000000243bcaad, R14=0x0000000000258800, R15=0x0000000000000000
RIP=0x000000007708a365, EFLAGS=0x0000000000010202

Top of Stack: (sp=0x0000000001f7dd30)
0x0000000001f7dd30:   0000000801d85388 000007fec5982195
0x0000000001f7dd40:   0000000000222030 0000000801d85388
0x0000000001f7dd50:   0000000000000000 000007fec53dd0b2
0x0000000001f7dd60:   0000000800000000 000007fec57b3f62
0x0000000001f7dd70:   0000000000000000 0000000000258800
0x0000000001f7dd80:   0000000801d85268 000000001d061b88
0x0000000001f7dd90:   0000000000000001 0000000000000000
0x0000000001f7dda0:   000000001ed8d1c0 0000000076e6178a
0x0000000001f7ddb0:   0000000000000000 00000000243bcaad
0x0000000001f7ddc0:   000000000000000c 000000000012e210
0x0000000001f7ddd0:   000000001ed8d1c0 000007fecec769d8
0x0000000001f7dde0:   0000000000000000 0000000000000000
0x0000000001f7ddf0:   000000000012e210 000007fec5849800
0x0000000001f7de00:   000000001ed8d1c0 000007fec58dcfb7
0x0000000001f7de10:   0000000000258800 0000000000259158
0x0000000001f7de20:   0000000801d85268 00000000243bcaad 

Instructions: (pc=0x000000007708a365)
0x000000007708a345:   ff ff 00 00 00 49 33 dc 48 23 c1 48 c1 eb 04 48
0x000000007708a355:   33 d8 48 33 1d 3a 32 10 00 48 c1 e3 04 0f 0d 0b
0x000000007708a365:   48 8b 7b 08 49 bd 01 00 00 00 01 00 00 00 49 be
0x000000007708a375:   ff 7f 00 00 ff ff ff ff 41 c6 40 0f 80 41 88 70 


Stack slot to memory mapping:
stack at sp + 0 slots: 0x0000000801d85388 is pointing into metadata
stack at sp + 1 slots: 0x000007fec5982195 jvm.dll
stack at sp + 2 slots: 0x0000000000222030 points into unknown readable memory: 00 00 f0 ff 00 00 00 00
stack at sp + 3 slots: 0x0000000801d85388 is pointing into metadata
stack at sp + 4 slots: 0x0 is NULL
stack at sp + 5 slots: 0x000007fec53dd0b2 jvm.dll
stack at sp + 6 slots: 0x0000000800000000 is pointing into metadata
stack at sp + 7 slots: 0x000007fec57b3f62 jvm.dll


---------------  P R O C E S S  ---------------

Threads class SMR info:
_java_thread_list=0x000000001eb36280, length=11, elements={
0x0000000000258800, 0x000000001d078000, 0x000000001d07a800, 0x000000001d091000,
0x000000001d094000, 0x000000001d095000, 0x000000001d099000, 0x000000001d096000,
0x000000001eb2e800, 0x000000001e170800, 0x000000001eb40000
}

Java Threads: ( => current thread )
=>0x0000000000258800 JavaThread "main" [_thread_in_vm, id=17492, stack(0x0000000001e80000,0x0000000001f80000)]
  0x000000001d078000 JavaThread "Reference Handler" daemon [_thread_blocked, id=7036, stack(0x000000001e350000,0x000000001e450000)]
  0x000000001d07a800 JavaThread "Finalizer" daemon [_thread_blocked, id=29068, stack(0x000000001e4c0000,0x000000001e5c0000)]
  0x000000001d091000 JavaThread "Signal Dispatcher" daemon [_thread_blocked, id=16768, stack(0x000000001e6e0000,0x000000001e7e0000)]
  0x000000001d094000 JavaThread "Attach Listener" daemon [_thread_blocked, id=30780, stack(0x000000001d430000,0x000000001d530000)]
  0x000000001d095000 JavaThread "C2 CompilerThread0" daemon [_thread_in_native, id=25392, stack(0x000000001e8b0000,0x000000001e9b0000)]
  0x000000001d099000 JavaThread "C1 CompilerThread0" daemon [_thread_blocked, id=24088, stack(0x000000001e5d0000,0x000000001e6d0000)]
  0x000000001d096000 JavaThread "Sweeper thread" daemon [_thread_blocked, id=30704, stack(0x000000001e9e0000,0x000000001eae0000)]
  0x000000001eb2e800 JavaThread "Service Thread" daemon [_thread_blocked, id=16096, stack(0x000000001f060000,0x000000001f160000)]
  0x000000001e170800 JavaThread "Common-Cleaner" daemon [_thread_blocked, id=21372, stack(0x000000001f3e0000,0x000000001f4e0000)]
  0x000000001eb40000 JavaThread "C2 CompilerThread1" daemon [_thread_blocked, id=28884, stack(0x000000001f790000,0x000000001f890000)]

Other Threads:
  0x000000001d076000 VMThread "VM Thread" [stack: 0x000000001e190000,0x000000001e290000] [id=21916]
  0x000000001eb2f000 WatcherThread [stack: 0x000000001f240000,0x000000001f340000] [id=27660]
  0x000000000026f800 GCTaskThread "GC Thread#0" [stack: 0x0000000019940000,0x0000000019a40000] [id=28756]
  0x000000000027b000 ConcurrentGCThread "G1 Main Marker" [stack: 0x000000001a880000,0x000000001a980000] [id=31140]
  0x0000000000284800 ConcurrentGCThread "G1 Conc#0" [stack: 0x000000001aa60000,0x000000001ab60000] [id=31388]
  0x000000001d01e800 ConcurrentGCThread "G1 Refine#0" [stack: 0x000000001d550000,0x000000001d650000] [id=30592]
  0x000000001d01f800 ConcurrentGCThread "G1 Young RemSet Sampling" [stack: 0x000000001d680000,0x000000001d780000] [id=28516]

Threads with active compile tasks:
C2 CompilerThread0 336       4       java.io.WinNTFileSystem::normalize
[error occurred during error reporting (printing all threads), id 0xc0000005, EXCEPTION_ACCESS_VIOLATION (0xc0000005) at pc=0x000000007708a365]

VM state:not at safepoint (normal execution)

VM Mutex/Monitor currently owned by a thread:  ([mutex/lock_event])
[0x0000000000254a70] SystemDictionary_lock - owner thread: 0x0000000000258800

Heap address: 0x00000000f8000000, size: 128 MB, Compressed Oops mode: 32-bit
Narrow klass base: 0x0000000800000000, Narrow klass shift: 3
Compressed class space size: 125829120 Address: 0x0000000840000000

Heap:
 garbage-first heap   total 131072K, used 8192K [0x00000000f8000000, 0x0000000100000000)
  region size 1024K, 10 young (10240K), 0 survivors (0K)
 Metaspace       used 382K, capacity 4486K, committed 4864K, reserved 131072K
  class space    used 1K, capacity 386K, committed 512K, reserved 122880K
Heap Regions: E=young(eden), S=young(survivor), O=old, HS=humongous(starts), HC=humongous(continues), CS=collection set, F=free, A=archive, TAMS=top-at-mark-start (previous, next)
|   0|0x00000000f8000000, 0x00000000f8000000, 0x00000000f8100000|  0%| F|  |TAMS 0x00000000f8000000, 0x00000000f8000000| Untracked 
|   1|0x00000000f8100000, 0x00000000f8100000, 0x00000000f8200000|  0%| F|  |TAMS 0x00000000f8100000, 0x00000000f8100000| Untracked 
|   2|0x00000000f8200000, 0x00000000f8200000, 0x00000000f8300000|  0%| F|  |TAMS 0x00000000f8200000, 0x00000000f8200000| Untracked 
|   3|0x00000000f8300000, 0x00000000f8300000, 0x00000000f8400000|  0%| F|  |TAMS 0x00000000f8300000, 0x00000000f8300000| Untracked 
|   4|0x00000000f8400000, 0x00000000f8400000, 0x00000000f8500000|  0%| F|  |TAMS 0x00000000f8400000, 0x00000000f8400000| Untracked 
|   5|0x00000000f8500000, 0x00000000f8500000, 0x00000000f8600000|  0%| F|  |TAMS 0x00000000f8500000, 0x00000000f8500000| Untracked 
|   6|0x00000000f8600000, 0x00000000f8600000, 0x00000000f8700000|  0%| F|  |TAMS 0x00000000f8600000, 0x00000000f8600000| Untracked 
|   7|0x00000000f8700000, 0x00000000f8700000, 0x00000000f8800000|  0%| F|  |TAMS 0x00000000f8700000, 0x00000000f8700000| Untracked 
|   8|0x00000000f8800000, 0x00000000f8800000, 0x00000000f8900000|  0%| F|  |TAMS 0x00000000f8800000, 0x00000000f8800000| Untracked 
|   9|0x00000000f8900000, 0x00000000f8900000, 0x00000000f8a00000|  0%| F|  |TAMS 0x00000000f8900000, 0x00000000f8900000| Untracked 
|  10|0x00000000f8a00000, 0x00000000f8a00000, 0x00000000f8b00000|  0%| F|  |TAMS 0x00000000f8a00000, 0x00000000f8a00000| Untracked 
|  11|0x00000000f8b00000, 0x00000000f8b00000, 0x00000000f8c00000|  0%| F|  |TAMS 0x00000000f8b00000, 0x00000000f8b00000| Untracked 
|  12|0x00000000f8c00000, 0x00000000f8c00000, 0x00000000f8d00000|  0%| F|  |TAMS 0x00000000f8c00000, 0x00000000f8c00000| Untracked 
|  13|0x00000000f8d00000, 0x00000000f8d00000, 0x00000000f8e00000|  0%| F|  |TAMS 0x00000000f8d00000, 0x00000000f8d00000| Untracked 
|  14|0x00000000f8e00000, 0x00000000f8e00000, 0x00000000f8f00000|  0%| F|  |TAMS 0x00000000f8e00000, 0x00000000f8e00000| Untracked 
|  15|0x00000000f8f00000, 0x00000000f8f00000, 0x00000000f9000000|  0%| F|  |TAMS 0x00000000f8f00000, 0x00000000f8f00000| Untracked 
|  16|0x00000000f9000000, 0x00000000f9000000, 0x00000000f9100000|  0%| F|  |TAMS 0x00000000f9000000, 0x00000000f9000000| Untracked 
|  17|0x00000000f9100000, 0x00000000f9100000, 0x00000000f9200000|  0%| F|  |TAMS 0x00000000f9100000, 0x00000000f9100000| Untracked 
|  18|0x00000000f9200000, 0x00000000f9200000, 0x00000000f9300000|  0%| F|  |TAMS 0x00000000f9200000, 0x00000000f9200000| Untracked 
|  19|0x00000000f9300000, 0x00000000f9300000, 0x00000000f9400000|  0%| F|  |TAMS 0x00000000f9300000, 0x00000000f9300000| Untracked 
|  20|0x00000000f9400000, 0x00000000f9400000, 0x00000000f9500000|  0%| F|  |TAMS 0x00000000f9400000, 0x00000000f9400000| Untracked 
|  21|0x00000000f9500000, 0x00000000f9500000, 0x00000000f9600000|  0%| F|  |TAMS 0x00000000f9500000, 0x00000000f9500000| Untracked 
|  22|0x00000000f9600000, 0x00000000f9600000, 0x00000000f9700000|  0%| F|  |TAMS 0x00000000f9600000, 0x00000000f9600000| Untracked 
|  23|0x00000000f9700000, 0x00000000f9700000, 0x00000000f9800000|  0%| F|  |TAMS 0x00000000f9700000, 0x00000000f9700000| Untracked 
|  24|0x00000000f9800000, 0x00000000f9800000, 0x00000000f9900000|  0%| F|  |TAMS 0x00000000f9800000, 0x00000000f9800000| Untracked 
|  25|0x00000000f9900000, 0x00000000f9900000, 0x00000000f9a00000|  0%| F|  |TAMS 0x00000000f9900000, 0x00000000f9900000| Untracked 
|  26|0x00000000f9a00000, 0x00000000f9a00000, 0x00000000f9b00000|  0%| F|  |TAMS 0x00000000f9a00000, 0x00000000f9a00000| Untracked 
|  27|0x00000000f9b00000, 0x00000000f9b00000, 0x00000000f9c00000|  0%| F|  |TAMS 0x00000000f9b00000, 0x00000000f9b00000| Untracked 
|  28|0x00000000f9c00000, 0x00000000f9c00000, 0x00000000f9d00000|  0%| F|  |TAMS 0x00000000f9c00000, 0x00000000f9c00000| Untracked 
|  29|0x00000000f9d00000, 0x00000000f9d00000, 0x00000000f9e00000|  0%| F|  |TAMS 0x00000000f9d00000, 0x00000000f9d00000| Untracked 
|  30|0x00000000f9e00000, 0x00000000f9e00000, 0x00000000f9f00000|  0%| F|  |TAMS 0x00000000f9e00000, 0x00000000f9e00000| Untracked 
|  31|0x00000000f9f00000, 0x00000000f9f00000, 0x00000000fa000000|  0%| F|  |TAMS 0x00000000f9f00000, 0x00000000f9f00000| Untracked 
|  32|0x00000000fa000000, 0x00000000fa000000, 0x00000000fa100000|  0%| F|  |TAMS 0x00000000fa000000, 0x00000000fa000000| Untracked 
|  33|0x00000000fa100000, 0x00000000fa100000, 0x00000000fa200000|  0%| F|  |TAMS 0x00000000fa100000, 0x00000000fa100000| Untracked 
|  34|0x00000000fa200000, 0x00000000fa200000, 0x00000000fa300000|  0%| F|  |TAMS 0x00000000fa200000, 0x00000000fa200000| Untracked 
|  35|0x00000000fa300000, 0x00000000fa300000, 0x00000000fa400000|  0%| F|  |TAMS 0x00000000fa300000, 0x00000000fa300000| Untracked 
|  36|0x00000000fa400000, 0x00000000fa400000, 0x00000000fa500000|  0%| F|  |TAMS 0x00000000fa400000, 0x00000000fa400000| Untracked 
|  37|0x00000000fa500000, 0x00000000fa500000, 0x00000000fa600000|  0%| F|  |TAMS 0x00000000fa500000, 0x00000000fa500000| Untracked 
|  38|0x00000000fa600000, 0x00000000fa600000, 0x00000000fa700000|  0%| F|  |TAMS 0x00000000fa600000, 0x00000000fa600000| Untracked 
|  39|0x00000000fa700000, 0x00000000fa700000, 0x00000000fa800000|  0%| F|  |TAMS 0x00000000fa700000, 0x00000000fa700000| Untracked 
|  40|0x00000000fa800000, 0x00000000fa800000, 0x00000000fa900000|  0%| F|  |TAMS 0x00000000fa800000, 0x00000000fa800000| Untracked 
|  41|0x00000000fa900000, 0x00000000fa900000, 0x00000000faa00000|  0%| F|  |TAMS 0x00000000fa900000, 0x00000000fa900000| Untracked 
|  42|0x00000000faa00000, 0x00000000faa00000, 0x00000000fab00000|  0%| F|  |TAMS 0x00000000faa00000, 0x00000000faa00000| Untracked 
|  43|0x00000000fab00000, 0x00000000fab00000, 0x00000000fac00000|  0%| F|  |TAMS 0x00000000fab00000, 0x00000000fab00000| Untracked 
|  44|0x00000000fac00000, 0x00000000fac00000, 0x00000000fad00000|  0%| F|  |TAMS 0x00000000fac00000, 0x00000000fac00000| Untracked 
|  45|0x00000000fad00000, 0x00000000fad00000, 0x00000000fae00000|  0%| F|  |TAMS 0x00000000fad00000, 0x00000000fad00000| Untracked 
|  46|0x00000000fae00000, 0x00000000fae00000, 0x00000000faf00000|  0%| F|  |TAMS 0x00000000fae00000, 0x00000000fae00000| Untracked 
|  47|0x00000000faf00000, 0x00000000faf00000, 0x00000000fb000000|  0%| F|  |TAMS 0x00000000faf00000, 0x00000000faf00000| Untracked 
|  48|0x00000000fb000000, 0x00000000fb000000, 0x00000000fb100000|  0%| F|  |TAMS 0x00000000fb000000, 0x00000000fb000000| Untracked 
|  49|0x00000000fb100000, 0x00000000fb100000, 0x00000000fb200000|  0%| F|  |TAMS 0x00000000fb100000, 0x00000000fb100000| Untracked 
|  50|0x00000000fb200000, 0x00000000fb200000, 0x00000000fb300000|  0%| F|  |TAMS 0x00000000fb200000, 0x00000000fb200000| Untracked 
|  51|0x00000000fb300000, 0x00000000fb300000, 0x00000000fb400000|  0%| F|  |TAMS 0x00000000fb300000, 0x00000000fb300000| Untracked 
|  52|0x00000000fb400000, 0x00000000fb400000, 0x00000000fb500000|  0%| F|  |TAMS 0x00000000fb400000, 0x00000000fb400000| Untracked 
|  53|0x00000000fb500000, 0x00000000fb500000, 0x00000000fb600000|  0%| F|  |TAMS 0x00000000fb500000, 0x00000000fb500000| Untracked 
|  54|0x00000000fb600000, 0x00000000fb600000, 0x00000000fb700000|  0%| F|  |TAMS 0x00000000fb600000, 0x00000000fb600000| Untracked 
|  55|0x00000000fb700000, 0x00000000fb700000, 0x00000000fb800000|  0%| F|  |TAMS 0x00000000fb700000, 0x00000000fb700000| Untracked 
|  56|0x00000000fb800000, 0x00000000fb800000, 0x00000000fb900000|  0%| F|  |TAMS 0x00000000fb800000, 0x00000000fb800000| Untracked 
|  57|0x00000000fb900000, 0x00000000fb900000, 0x00000000fba00000|  0%| F|  |TAMS 0x00000000fb900000, 0x00000000fb900000| Untracked 
|  58|0x00000000fba00000, 0x00000000fba00000, 0x00000000fbb00000|  0%| F|  |TAMS 0x00000000fba00000, 0x00000000fba00000| Untracked 
|  59|0x00000000fbb00000, 0x00000000fbb00000, 0x00000000fbc00000|  0%| F|  |TAMS 0x00000000fbb00000, 0x00000000fbb00000| Untracked 
|  60|0x00000000fbc00000, 0x00000000fbc00000, 0x00000000fbd00000|  0%| F|  |TAMS 0x00000000fbc00000, 0x00000000fbc00000| Untracked 
|  61|0x00000000fbd00000, 0x00000000fbd00000, 0x00000000fbe00000|  0%| F|  |TAMS 0x00000000fbd00000, 0x00000000fbd00000| Untracked 
|  62|0x00000000fbe00000, 0x00000000fbe00000, 0x00000000fbf00000|  0%| F|  |TAMS 0x00000000fbe00000, 0x00000000fbe00000| Untracked 
|  63|0x00000000fbf00000, 0x00000000fbf00000, 0x00000000fc000000|  0%| F|  |TAMS 0x00000000fbf00000, 0x00000000fbf00000| Untracked 
|  64|0x00000000fc000000, 0x00000000fc000000, 0x00000000fc100000|  0%| F|  |TAMS 0x00000000fc000000, 0x00000000fc000000| Untracked 
|  65|0x00000000fc100000, 0x00000000fc100000, 0x00000000fc200000|  0%| F|  |TAMS 0x00000000fc100000, 0x00000000fc100000| Untracked 
|  66|0x00000000fc200000, 0x00000000fc200000, 0x00000000fc300000|  0%| F|  |TAMS 0x00000000fc200000, 0x00000000fc200000| Untracked 
|  67|0x00000000fc300000, 0x00000000fc300000, 0x00000000fc400000|  0%| F|  |TAMS 0x00000000fc300000, 0x00000000fc300000| Untracked 
|  68|0x00000000fc400000, 0x00000000fc400000, 0x00000000fc500000|  0%| F|  |TAMS 0x00000000fc400000, 0x00000000fc400000| Untracked 
|  69|0x00000000fc500000, 0x00000000fc500000, 0x00000000fc600000|  0%| F|  |TAMS 0x00000000fc500000, 0x00000000fc500000| Untracked 
|  70|0x00000000fc600000, 0x00000000fc600000, 0x00000000fc700000|  0%| F|  |TAMS 0x00000000fc600000, 0x00000000fc600000| Untracked 
|  71|0x00000000fc700000, 0x00000000fc700000, 0x00000000fc800000|  0%| F|  |TAMS 0x00000000fc700000, 0x00000000fc700000| Untracked 
|  72|0x00000000fc800000, 0x00000000fc800000, 0x00000000fc900000|  0%| F|  |TAMS 0x00000000fc800000, 0x00000000fc800000| Untracked 
|  73|0x00000000fc900000, 0x00000000fc900000, 0x00000000fca00000|  0%| F|  |TAMS 0x00000000fc900000, 0x00000000fc900000| Untracked 
|  74|0x00000000fca00000, 0x00000000fca00000, 0x00000000fcb00000|  0%| F|  |TAMS 0x00000000fca00000, 0x00000000fca00000| Untracked 
|  75|0x00000000fcb00000, 0x00000000fcb00000, 0x00000000fcc00000|  0%| F|  |TAMS 0x00000000fcb00000, 0x00000000fcb00000| Untracked 
|  76|0x00000000fcc00000, 0x00000000fcc00000, 0x00000000fcd00000|  0%| F|  |TAMS 0x00000000fcc00000, 0x00000000fcc00000| Untracked 
|  77|0x00000000fcd00000, 0x00000000fcd00000, 0x00000000fce00000|  0%| F|  |TAMS 0x00000000fcd00000, 0x00000000fcd00000| Untracked 
|  78|0x00000000fce00000, 0x00000000fce00000, 0x00000000fcf00000|  0%| F|  |TAMS 0x00000000fce00000, 0x00000000fce00000| Untracked 
|  79|0x00000000fcf00000, 0x00000000fcf00000, 0x00000000fd000000|  0%| F|  |TAMS 0x00000000fcf00000, 0x00000000fcf00000| Untracked 
|  80|0x00000000fd000000, 0x00000000fd000000, 0x00000000fd100000|  0%| F|  |TAMS 0x00000000fd000000, 0x00000000fd000000| Untracked 
|  81|0x00000000fd100000, 0x00000000fd100000, 0x00000000fd200000|  0%| F|  |TAMS 0x00000000fd100000, 0x00000000fd100000| Untracked 
|  82|0x00000000fd200000, 0x00000000fd200000, 0x00000000fd300000|  0%| F|  |TAMS 0x00000000fd200000, 0x00000000fd200000| Untracked 
|  83|0x00000000fd300000, 0x00000000fd300000, 0x00000000fd400000|  0%| F|  |TAMS 0x00000000fd300000, 0x00000000fd300000| Untracked 
|  84|0x00000000fd400000, 0x00000000fd400000, 0x00000000fd500000|  0%| F|  |TAMS 0x00000000fd400000, 0x00000000fd400000| Untracked 
|  85|0x00000000fd500000, 0x00000000fd500000, 0x00000000fd600000|  0%| F|  |TAMS 0x00000000fd500000, 0x00000000fd500000| Untracked 
|  86|0x00000000fd600000, 0x00000000fd600000, 0x00000000fd700000|  0%| F|  |TAMS 0x00000000fd600000, 0x00000000fd600000| Untracked 
|  87|0x00000000fd700000, 0x00000000fd700000, 0x00000000fd800000|  0%| F|  |TAMS 0x00000000fd700000, 0x00000000fd700000| Untracked 
|  88|0x00000000fd800000, 0x00000000fd800000, 0x00000000fd900000|  0%| F|  |TAMS 0x00000000fd800000, 0x00000000fd800000| Untracked 
|  89|0x00000000fd900000, 0x00000000fd900000, 0x00000000fda00000|  0%| F|  |TAMS 0x00000000fd900000, 0x00000000fd900000| Untracked 
|  90|0x00000000fda00000, 0x00000000fda00000, 0x00000000fdb00000|  0%| F|  |TAMS 0x00000000fda00000, 0x00000000fda00000| Untracked 
|  91|0x00000000fdb00000, 0x00000000fdb00000, 0x00000000fdc00000|  0%| F|  |TAMS 0x00000000fdb00000, 0x00000000fdb00000| Untracked 
|  92|0x00000000fdc00000, 0x00000000fdc00000, 0x00000000fdd00000|  0%| F|  |TAMS 0x00000000fdc00000, 0x00000000fdc00000| Untracked 
|  93|0x00000000fdd00000, 0x00000000fdd00000, 0x00000000fde00000|  0%| F|  |TAMS 0x00000000fdd00000, 0x00000000fdd00000| Untracked 
|  94|0x00000000fde00000, 0x00000000fde00000, 0x00000000fdf00000|  0%| F|  |TAMS 0x00000000fde00000, 0x00000000fde00000| Untracked 
|  95|0x00000000fdf00000, 0x00000000fdf00000, 0x00000000fe000000|  0%| F|  |TAMS 0x00000000fdf00000, 0x00000000fdf00000| Untracked 
|  96|0x00000000fe000000, 0x00000000fe000000, 0x00000000fe100000|  0%| F|  |TAMS 0x00000000fe000000, 0x00000000fe000000| Untracked 
|  97|0x00000000fe100000, 0x00000000fe100000, 0x00000000fe200000|  0%| F|  |TAMS 0x00000000fe100000, 0x00000000fe100000| Untracked 
|  98|0x00000000fe200000, 0x00000000fe200000, 0x00000000fe300000|  0%| F|  |TAMS 0x00000000fe200000, 0x00000000fe200000| Untracked 
|  99|0x00000000fe300000, 0x00000000fe300000, 0x00000000fe400000|  0%| F|  |TAMS 0x00000000fe300000, 0x00000000fe300000| Untracked 
| 100|0x00000000fe400000, 0x00000000fe400000, 0x00000000fe500000|  0%| F|  |TAMS 0x00000000fe400000, 0x00000000fe400000| Untracked 
| 101|0x00000000fe500000, 0x00000000fe500000, 0x00000000fe600000|  0%| F|  |TAMS 0x00000000fe500000, 0x00000000fe500000| Untracked 
| 102|0x00000000fe600000, 0x00000000fe600000, 0x00000000fe700000|  0%| F|  |TAMS 0x00000000fe600000, 0x00000000fe600000| Untracked 
| 103|0x00000000fe700000, 0x00000000fe700000, 0x00000000fe800000|  0%| F|  |TAMS 0x00000000fe700000, 0x00000000fe700000| Untracked 
| 104|0x00000000fe800000, 0x00000000fe800000, 0x00000000fe900000|  0%| F|  |TAMS 0x00000000fe800000, 0x00000000fe800000| Untracked 
| 105|0x00000000fe900000, 0x00000000fe900000, 0x00000000fea00000|  0%| F|  |TAMS 0x00000000fe900000, 0x00000000fe900000| Untracked 
| 106|0x00000000fea00000, 0x00000000fea00000, 0x00000000feb00000|  0%| F|  |TAMS 0x00000000fea00000, 0x00000000fea00000| Untracked 
| 107|0x00000000feb00000, 0x00000000feb00000, 0x00000000fec00000|  0%| F|  |TAMS 0x00000000feb00000, 0x00000000feb00000| Untracked 
| 108|0x00000000fec00000, 0x00000000fec00000, 0x00000000fed00000|  0%| F|  |TAMS 0x00000000fec00000, 0x00000000fec00000| Untracked 
| 109|0x00000000fed00000, 0x00000000fed00000, 0x00000000fee00000|  0%| F|  |TAMS 0x00000000fed00000, 0x00000000fed00000| Untracked 
| 110|0x00000000fee00000, 0x00000000fee00000, 0x00000000fef00000|  0%| F|  |TAMS 0x00000000fee00000, 0x00000000fee00000| Untracked 
| 111|0x00000000fef00000, 0x00000000fef00000, 0x00000000ff000000|  0%| F|  |TAMS 0x00000000fef00000, 0x00000000fef00000| Untracked 
| 112|0x00000000ff000000, 0x00000000ff000000, 0x00000000ff100000|  0%| F|  |TAMS 0x00000000ff000000, 0x00000000ff000000| Untracked 
| 113|0x00000000ff100000, 0x00000000ff100000, 0x00000000ff200000|  0%| F|  |TAMS 0x00000000ff100000, 0x00000000ff100000| Untracked 
| 114|0x00000000ff200000, 0x00000000ff200000, 0x00000000ff300000|  0%| F|  |TAMS 0x00000000ff200000, 0x00000000ff200000| Untracked 
| 115|0x00000000ff300000, 0x00000000ff300000, 0x00000000ff400000|  0%| F|  |TAMS 0x00000000ff300000, 0x00000000ff300000| Untracked 
| 116|0x00000000ff400000, 0x00000000ff400000, 0x00000000ff500000|  0%| F|  |TAMS 0x00000000ff400000, 0x00000000ff400000| Untracked 
| 117|0x00000000ff500000, 0x00000000ff500000, 0x00000000ff600000|  0%| F|  |TAMS 0x00000000ff500000, 0x00000000ff500000| Untracked 
| 118|0x00000000ff600000, 0x00000000ff6eb1d8, 0x00000000ff700000| 91%| E|  |TAMS 0x00000000ff600000, 0x00000000ff600000| Complete 
| 119|0x00000000ff700000, 0x00000000ff800000, 0x00000000ff800000|100%| E|  |TAMS 0x00000000ff700000, 0x00000000ff700000| Complete 
| 120|0x00000000ff800000, 0x00000000ff900000, 0x00000000ff900000|100%| E|CS|TAMS 0x00000000ff800000, 0x00000000ff800000| Complete 
| 121|0x00000000ff900000, 0x00000000ffa00000, 0x00000000ffa00000|100%| E|CS|TAMS 0x00000000ff900000, 0x00000000ff900000| Complete 
| 122|0x00000000ffa00000, 0x00000000ffb00000, 0x00000000ffb00000|100%| E|CS|TAMS 0x00000000ffa00000, 0x00000000ffa00000| Complete 
| 123|0x00000000ffb00000, 0x00000000ffc00000, 0x00000000ffc00000|100%| E|CS|TAMS 0x00000000ffb00000, 0x00000000ffb00000| Complete 
| 124|0x00000000ffc00000, 0x00000000ffd00000, 0x00000000ffd00000|100%| E|CS|TAMS 0x00000000ffc00000, 0x00000000ffc00000| Complete 
| 125|0x00000000ffd00000, 0x00000000ffe00000, 0x00000000ffe00000|100%| E|CS|TAMS 0x00000000ffd00000, 0x00000000ffd00000| Complete 
| 126|0x00000000ffe00000, 0x00000000fff00000, 0x00000000fff00000|100%| E|CS|TAMS 0x00000000ffe00000, 0x00000000ffe00000| Complete 
| 127|0x00000000fff00000, 0x0000000100000000, 0x0000000100000000|100%| E|CS|TAMS 0x00000000fff00000, 0x00000000fff00000| Complete 

Card table byte_map: [0x0000000002070000,0x00000000020b0000] _byte_map_base: 0x00000000018b0000

Marking Bits (Prev, Next): (CMBitMap*) 0x00000000002799d8, (CMBitMap*) 0x0000000000279a10
 Prev Bits: [0x000000001a300000, 0x000000001a500000)
 Next Bits: [0x000000001a500000, 0x000000001a700000)

Polling page: 0x0000000001c60000

Metaspace:

Usage:
  Non-class:      4.00 MB capacity,   381.12 KB (  9%) used,     3.63 MB ( 91%) free+waste,   128 bytes ( <1%) overhead. 
      Class:    386.00 KB capacity,     1.49 KB ( <1%) used,   384.38 KB (>99%) free+waste,   128 bytes ( <1%) overhead. 
       Both:      4.38 MB capacity,   382.61 KB (  9%) used,     4.01 MB ( 91%) free+waste,   256 bytes ( <1%) overhead. 

Virtual space:
  Non-class space:        8.00 MB reserved,       4.25 MB ( 53%) committed 
      Class space:      120.00 MB reserved,     512.00 KB ( <1%) committed 
             Both:      128.00 MB reserved,       4.75 MB (  4%) committed 

Chunk freelists:
   Non-Class:  0 bytes
       Class:  0 bytes
        Both:  0 bytes

CodeHeap 'non-profiled nmethods': size=120000Kb used=125Kb max_used=125Kb free=119875Kb
 bounds [0x00000000123e0000, 0x0000000012650000, 0x0000000019910000]
CodeHeap 'profiled nmethods': size=120000Kb used=545Kb max_used=545Kb free=119454Kb
 bounds [0x000000000aeb0000, 0x000000000b120000, 0x00000000123e0000]
CodeHeap 'non-nmethods': size=5760Kb used=1032Kb max_used=1055Kb free=4727Kb
 bounds [0x000000000a910000, 0x000000000ab80000, 0x000000000aeb0000]
 total_blobs=771 nmethods=337 adapters=213
 compilation: enabled
              stopped_count=0, restarted_count=0
 full_count=0

Compilation events (10 events):
Event: 0.372 Thread 0x000000001d099000  331       3       java.util.concurrent.TimeUnit::toMillis (69 bytes)
Event: 0.372 Thread 0x000000001eb40000  335 %     4       java.lang.StringLatin1::inflate @ 3 (34 bytes)
Event: 0.372 Thread 0x000000001d099000 nmethod 331 0x000000000af35210 code [0x000000000af353e0, 0x000000000af35718]
Event: 0.372 Thread 0x000000001d099000  332       3       java.io.File::hashCode (8 bytes)
Event: 0.372 Thread 0x000000001d099000 nmethod 332 0x000000000af35810 code [0x000000000af35a20, 0x000000000af35e70]
Event: 0.372 Thread 0x000000001d099000  333       3       java.io.WinNTFileSystem::hashCode (17 bytes)
Event: 0.372 Thread 0x000000001d099000 nmethod 333 0x000000000af36010 code [0x000000000af36200, 0x000000000af365f0]
Event: 0.372 Thread 0x000000001d099000  334   !   3       java.util.jar.JarFile::checkForSpecialAttributes (163 bytes)
Event: 0.372 Thread 0x000000001d095000  336       4       java.io.WinNTFileSystem::normalize (224 bytes)
Event: 0.373 Thread 0x000000001d099000 nmethod 334 0x000000000af36790 code [0x000000000af36ac0, 0x000000000af37ee0]

GC Heap History (0 events):
No events

Deoptimization events (2 events):
Event: 0.271 Thread 0x0000000000258800 Uncommon trap: reason=unstable_if action=reinterpret pc=0x00000000123e6b04 method=java.lang.String.hashCode()I @ 14 c2
Event: 0.272 Thread 0x0000000000258800 Uncommon trap: reason=unstable_if action=reinterpret pc=0x00000000123e2d1c method=java.lang.StringLatin1.indexOf([BII)I @ 47 c2

Classes redefined (0 events):
No events

Internal exceptions (0 events):
No events

Events (10 events):
Event: 0.294 Thread 0x0000000000258800 DEOPT UNPACKING pc=0x000000000a938fce sp=0x0000000001f79d50 mode 0
Event: 0.295 Thread 0x0000000000258800 DEOPT PACKING pc=0x000000000aee840e sp=0x0000000001f7a8b0
Event: 0.295 Thread 0x0000000000258800 DEOPT UNPACKING pc=0x000000000a938fce sp=0x0000000001f79d50 mode 0
Event: 0.300 Thread 0x000000001eb40000 Thread added: 0x000000001eb40000
Event: 0.351 Thread 0x0000000000258800 DEOPT PACKING pc=0x000000000aef8e58 sp=0x0000000001f7a770
Event: 0.351 Thread 0x0000000000258800 DEOPT UNPACKING pc=0x000000000a938fce sp=0x0000000001f79c40 mode 0
Event: 0.372 Thread 0x0000000000258800 DEOPT PACKING pc=0x000000000af02ddb sp=0x0000000001f7db10
Event: 0.372 Thread 0x0000000000258800 DEOPT UNPACKING pc=0x000000000a938fce sp=0x0000000001f7d050 mode 0
Event: 0.374 loading class org/springframework/boot/SpringApplication
Event: 0.374 loading class org/springframework/boot/SpringApplication done


Dynamic libraries:
0x000000013ff60000 - 0x000000013ff9c000 	E:\Projects\upc2\upc2-infra\tools\jdk-micros-win\bin\java.exe
0x0000000077060000 - 0x00000000771ff000 	C:\WINDOWS\SYSTEM32\ntdll.dll
0x0000000076e40000 - 0x0000000076f5f000 	C:\WINDOWS\system32\kernel32.dll
0x000007fefcd60000 - 0x000007fefcdca000 	C:\WINDOWS\system32\KERNELBASE.dll
0x0000000076f60000 - 0x000000007705a000 	C:\WINDOWS\system32\USER32.dll
0x000007fefdce0000 - 0x000007fefdd47000 	C:\WINDOWS\system32\GDI32.dll
0x000007fefd5a0000 - 0x000007fefd5ae000 	C:\WINDOWS\system32\LPK.dll
0x000007fefeb80000 - 0x000007fefec4b000 	C:\WINDOWS\system32\USP10.dll
0x000007fefee60000 - 0x000007fefeeff000 	C:\WINDOWS\system32\msvcrt.dll
0x000007fefb200000 - 0x000007fefb3f4000 	C:\WINDOWS\WinSxS\amd64_microsoft.windows.common-controls_6595b64144ccf1df_6.0.7601.18837_none_fa3b1e3d17594757\COMCTL32.dll
0x000007fefd520000 - 0x000007fefd591000 	C:\WINDOWS\system32\SHLWAPI.dll
0x000007fefd7c0000 - 0x000007fefd7ee000 	C:\WINDOWS\system32\IMM32.DLL
0x000007fefd5b0000 - 0x000007fefd6b9000 	C:\WINDOWS\system32\MSCTF.dll
0x000007fecec10000 - 0x000007fececff000 	E:\Projects\upc2\upc2-infra\tools\jdk-micros-win\bin\msvcr120.dll
0x000007fed8c40000 - 0x000007fed8ce6000 	E:\Projects\upc2\upc2-infra\tools\jdk-micros-win\bin\msvcp120.dll
0x000007fec52d0000 - 0x000007fec5d8d000 	E:\Projects\upc2\upc2-infra\tools\jdk-micros-win\bin\server\jvm.dll
0x000007fefec50000 - 0x000007fefed2b000 	C:\WINDOWS\system32\ADVAPI32.dll
0x000007fefd790000 - 0x000007fefd7af000 	C:\WINDOWS\SYSTEM32\sechost.dll
0x000007fefed30000 - 0x000007fefee5d000 	C:\WINDOWS\system32\RPCRT4.dll
0x000007fef61f0000 - 0x000007fef61f9000 	C:\WINDOWS\system32\WSOCK32.dll
0x000007fefd740000 - 0x000007fefd78d000 	C:\WINDOWS\system32\WS2_32.dll
0x000007fefd7b0000 - 0x000007fefd7b8000 	C:\WINDOWS\system32\NSI.dll
0x000007fefa9a0000 - 0x000007fefa9db000 	C:\WINDOWS\system32\WINMM.dll
0x000007fefbc80000 - 0x000007fefbc8c000 	C:\WINDOWS\system32\VERSION.dll
0x0000000077200000 - 0x0000000077207000 	C:\WINDOWS\system32\PSAPI.DLL
0x000007fef7a20000 - 0x000007fef7a2f000 	E:\Projects\upc2\upc2-infra\tools\jdk-micros-win\bin\verify.dll
0x000007feed7f0000 - 0x000007feed915000 	C:\WINDOWS\system32\DBGHELP.DLL
0x000007feed3a0000 - 0x000007feed3c6000 	E:\Projects\upc2\upc2-infra\tools\jdk-micros-win\bin\java.dll
0x000007fef6250000 - 0x000007fef6266000 	E:\Projects\upc2\upc2-infra\tools\jdk-micros-win\bin\zip.dll
0x000007fefa130000 - 0x000007fefa13a000 	E:\Projects\upc2\upc2-infra\tools\jdk-micros-win\bin\jimage.dll
0x000007fefdd50000 - 0x000007fefeada000 	C:\WINDOWS\system32\SHELL32.dll
0x000007fefd810000 - 0x000007fefda0f000 	C:\WINDOWS\system32\ole32.dll
0x000007fefcbb0000 - 0x000007fefcbbf000 	C:\WINDOWS\system32\profapi.dll
0x000007fef6570000 - 0x000007fef6588000 	E:\Projects\upc2\upc2-infra\tools\jdk-micros-win\bin\net.dll
0x000007fef8b90000 - 0x000007fef8c01000 	C:\WINDOWS\system32\WINHTTP.dll
0x000007fef8b20000 - 0x000007fef8b85000 	C:\WINDOWS\system32\webio.dll
0x000007feff1c0000 - 0x000007feff348000 	C:\WINDOWS\system32\urlmon.dll
0x000007fefcec0000 - 0x000007fefcec4000 	C:\WINDOWS\system32\api-ms-win-downlevel-ole32-l1-1-0.dll
0x000007fefcf10000 - 0x000007fefcf14000 	C:\WINDOWS\system32\api-ms-win-downlevel-shlwapi-l1-1-0.dll
0x000007fefcf20000 - 0x000007fefcf25000 	C:\WINDOWS\system32\api-ms-win-downlevel-advapi32-l1-1-0.dll
0x000007fefce10000 - 0x000007fefce14000 	C:\WINDOWS\system32\api-ms-win-downlevel-user32-l1-1-0.dll
0x000007fefcf30000 - 0x000007fefcf34000 	C:\WINDOWS\system32\api-ms-win-downlevel-version-l1-1-0.dll
0x000007fefcf40000 - 0x000007fefcf43000 	C:\WINDOWS\system32\api-ms-win-downlevel-normaliz-l1-1-0.dll
0x0000000077210000 - 0x0000000077213000 	C:\WINDOWS\system32\normaliz.DLL
0x000007fefda10000 - 0x000007fefdcda000 	C:\WINDOWS\system32\iertutil.dll
0x000007fefd070000 - 0x000007fefd51c000 	C:\WINDOWS\system32\WININET.dll
0x000007fefcf50000 - 0x000007fefcf6e000 	C:\WINDOWS\system32\USERENV.dll
0x000007fefc330000 - 0x000007fefc385000 	C:\WINDOWS\system32\mswsock.dll
0x000007fefc320000 - 0x000007fefc327000 	C:\WINDOWS\System32\wship6.dll
0x000007feeddc0000 - 0x000007feeddd1000 	E:\Projects\upc2\upc2-infra\tools\jdk-micros-win\bin\nio.dll

dbghelp: loaded successfully - version: 4.0.5 - missing functions: none
symbol engine: initialized successfully - sym options: 0x614 - pdb path: .;E:\Projects\upc2\upc2-infra\tools\jdk-micros-win\bin;C:\WINDOWS\SYSTEM32;C:\WINDOWS\WinSxS\amd64_microsoft.windows.common-controls_6595b64144ccf1df_6.0.7601.18837_none_fa3b1e3d17594757;E:\Projects\upc2\upc2-infra\tools\jdk-micros-win\bin\server

VM Arguments:
jvm_args: -Xmx128m -XX:MaxMetaspaceSize=128m -Djava.net.preferIPv4Stack=true -Xshare:on -XX:SharedArchiveFile=classes.jsa -Xlog:class+path=info:file=log\cds.log 
java_command: ftc.pc.soa.proxy.restorun.Restorun --spring.profiles.active=dev --spring.config.name=restorun --logging.config=config/logback-console.xml
java_class_path (initial): C:\Users\plizga\.gradle\caches\modules-2\files-2.1\org.springframework.cloud\spring-cloud-starter-netflix-zuul\2.1.0.RELEASE\619cfaa2beee31e24ae04a1ec8afe7db97c8fc8\spring-cloud-starter-netflix-zuul-2.1.0.RELEASE.jar;C:\Users\plizga\.gradle\caches\modules-2\files-2.1\org.springframework.cloud\spring-cloud-starter-netflix-hystrix-dashboard\2.1.0.RELEASE\aceab9216fdb6eb857314108a088e3c71bce81f9\spring-cloud-starter-netflix-hystrix-dashboard-2.1.0.RELEASE.jar;C:\Users\plizga\.gradle\caches\modules-2\files-2.1\commons-net\commons-net\3.6\b71de00508dcb078d2b24b5fa7e538636de9b3da\commons-net-3.6.jar;C:\Users\plizga\.gradle\caches\modules-2\files-2.1\io.springfox\springfox-swagger2\2.7.0\dd28b7ce26af1209d6ef19f5f24a8c23b41ca6fc\springfox-swagger2-2.7.0.jar;C:\Users\plizga\.gradle\caches\modules-2\files-2.1\io.springfox\springfox-bean-validators\2.7.0\39c85faacd5a2a1ab7c66ba5914bed35948cce1d\springfox-bean-validators-2.7.0.jar;C:\Users\plizga\.gradle\caches\modules-2\files-2.1\io.springfox\springfox-swagger-common\2.7.0\5a632aecc733753887f90592382fa271e546062a\springfox-swagger-common-2.7.0.jar;C:\Users\plizga\.gradle\caches\modules-2\files-2.1\io.springfox\springfox-swagger-ui\2.7.0\92608eb6c2056810b4e3189196b4e8cce645d6de\springfox-swagger-ui-2.7.0.jar;C:\Users\plizga\.gradle\caches\modules-2\files-2.1\io.springfox\springfox-spring-web\2.7.0\a54be5572b6b5210f6892e13d6b136dde5e96bf6\springfox-spring-web-2.7.0.jar;C:\Users\plizga\.gradle\caches\modules-2\files-2.1\org.springframework.cloud\spring-cloud-netflix-zuul\2.1.0.RELEASE\92a1594bb391517ff4f84429a89b73907ebe9781\spring-cloud-netflix-zuul-2.1.0.RELEASE.jar;C:\Users\plizga\.gradle\caches\modules-2\files-2.1\org.springframework.cloud\spring-cloud-starter-netflix-hystrix\2.1.0.RELEASE\1123029b188ffadaaf67b2f9cf4a8109df2af01\spring-cloud-starter-netflix-hystrix-2.1.0.RELEASE.jar;C:\Users\plizga\.gradle\caches\modules-2\files-2.1\com.netflix.hystrix\hystrix-javanica\1.5.18\375bcf25f9a6ee3427201
Launcher Type: SUN_STANDARD

[Global flags]
     intx CICompilerCount                          = 4                                         {product} {ergonomic}
   size_t CompressedClassSpaceSize                 = 125829120                                 {product} {ergonomic}
     uint ConcGCThreads                            = 2                                         {product} {ergonomic}
     uint G1ConcRefinementThreads                  = 8                                         {product} {ergonomic}
   size_t G1HeapRegionSize                         = 1048576                                   {product} {ergonomic}
    uintx GCDrainStackTargetSize                   = 64                                        {product} {ergonomic}
   size_t InitialHeapSize                          = 134217728                                 {product} {ergonomic}
   size_t MarkStackSize                            = 4194304                                   {product} {ergonomic}
   size_t MaxHeapSize                              = 134217728                                 {product} {command line}
   size_t MaxMetaspaceSize                         = 134217728                                 {product} {command line}
   size_t MaxNewSize                               = 79691776                                  {product} {ergonomic}
   size_t MinHeapDeltaBytes                        = 1048576                                   {product} {ergonomic}
    uintx NonNMethodCodeHeapSize                   = 5835340                                {pd product} {ergonomic}
    uintx NonProfiledCodeHeapSize                  = 122911450                              {pd product} {ergonomic}
    uintx ProfiledCodeHeapSize                     = 122911450                              {pd product} {ergonomic}
     bool RequireSharedSpaces                      = true                                      {product} {command line}
    uintx ReservedCodeCacheSize                    = 251658240                              {pd product} {ergonomic}
     bool SegmentedCodeCache                       = true                                      {product} {ergonomic}
    ccstr SharedArchiveFile                        = classes.jsa                               {product} {command line}
     bool UseCompressedClassPointers               = true                                 {lp64_product} {ergonomic}
     bool UseCompressedOops                        = true                                 {lp64_product} {ergonomic}
     bool UseG1GC                                  = true                                      {product} {ergonomic}
     bool UseLargePagesIndividualAllocation        = false                                  {pd product} {ergonomic}
     bool UseSharedSpaces                          = true                                      {product} {command line}

Logging:
Log output configuration:
 #0: stdout all=warning uptime,level,tags
 #1: stderr all=off uptime,level,tags
 #2: file=log\cds.log all=off,path*=info uptime,level,tags filecount=5,filesize=20M

Environment Variables:
JAVA_HOME=E:\Projects\upc2\upc2-infra\tools\jdk-micros-win\bin
PATH=C:\Python27\;C:\Python27\Scripts;C:\WINDOWS\system32;C:\WINDOWS;C:\WINDOWS\System32\Wbem;C:\WINDOWS\System32\WindowsPowerShell\v1.0\;C:\Program Files\Git-2.13.3\cmd;C:\Program Files\Git-2.13.3\mingw64\bin;C:\Program Files\Git-2.13.3\usr\bin;C:\Program Files\Gpg4win\pub;C:\Program Files\TortoiseSVN\bin;C:\Program Files (x86)\GitExtensions\;C:\Program Files\SlikSvn\bin;C:\Program Files\Aladdin\eToken\PKIClient\x32;C:\Program Files\Aladdin\eToken\PKIClient\x64;C:\Program Files\nodejs\;E:\Dist\helm;E:\Dist\kubectl;C:\Program Files (x86)\CVSNT\;E:\Projects\upc2\upc2-infra\tools\gradle-micros\bin;E:\Dist\apache-maven-3.0.4\bin;E:\Issues\Testing\incubator\analog\tail\win;E:\Dist\jdk-11.0.1+13-win64\bin
USERNAME=plizga
OS=Windows_NT
PROCESSOR_IDENTIFIER=Intel64 Family 6 Model 58 Stepping 9, GenuineIntel



---------------  S Y S T E M  ---------------

OS: Windows 7 , 64 bit Build 7601 (6.1.7601.24354)

CPU:total 8 (initial active 8) (4 cores per cpu, 2 threads per core) family 6 model 58 stepping 9, cmov, cx8, fxsr, mmx, sse, sse2, sse3, ssse3, sse4.1, sse4.2, popcnt, avx, aes, clmul, erms, ht, tsc, tscinvbit, tscinv

Memory: 4k page, system-wide physical 16257M (1378M free)
TotalPageFile size 32512M (AvailPageFile size 15645M)
current process WorkingSet (physical memory assigned to process): 161M, peak: 162M
current process commit charge ("private bytes"): 241M, peak: 242M

vm_info: OpenJDK 64-Bit Server VM (11.0.2+9) for windows-amd64 JRE (11.0.2+9), built on Jan 28 2019 10:43:15 by "" with MS VC++ 12.0 (VS2013)

END.
