#
# A fatal error has been detected by the Java Runtime Environment:
#
#  Internal Error (c:/cygwin64/tmp/openjdk-jdk11u-windows-x64-hotspot/workspace/build/src/src/hotspot/share/memory/metaspaceShared.cpp:1624), pid=29252, tid=28712
#  guarantee(ik->loader_type() != 0) failed: Class loader type must be set for this class java/lang/invoke/BoundMethodHandle$Species_LLLLLLLLI
#
# JRE version: OpenJDK Runtime Environment (11.0.2+9) (build 11.0.2+9)
# Java VM: OpenJDK 64-Bit Server VM (11.0.2+9, interpreted mode, compressed oops, g1 gc, windows-amd64)
# No core dump will be written. Minidumps are not enabled by default on client versions of Windows
#
# If you would like to submit a bug report, please visit:
#   https://github.com/AdoptOpenJDK/openjdk-build/issues
#

---------------  S U M M A R Y ------------

Command Line: -Xshare:dump -XX:SharedClassListFile=classes.list -XX:SharedArchiveFile=classes.jsa ftc.pc.soa.proxy.restorun.Restorun

Host: Intel(R) Core(TM) i7-3770 CPU @ 3.40GHz, 8 cores, 15G,  Windows 7 , 64 bit Build 7601 (6.1.7601.24354)
Time: Thu Mar 14 19:10:10 2019 Iiaineae?neia noaiaa?oiia a?aiy elapsed time: 298 seconds (0d 0h 4m 58s)

---------------  T H R E A D  ---------------

Current thread (0x000000001b5669c0):  VMThread "VM Thread" [stack: 0x000000001b900000,0x000000001ba00000] [id=28712]

Stack: [0x000000001b900000,0x000000001ba00000]
Native frames: (J=compiled Java code, j=interpreted, Vv=VM code, C=native code)
V  [jvm.dll+0x5ded19]
V  [jvm.dll+0x710749]
V  [jvm.dll+0x711d68]
V  [jvm.dll+0x7123b7]
V  [jvm.dll+0x245fec]
V  [jvm.dll+0x58e6de]
V  [jvm.dll+0x2af683]
V  [jvm.dll+0x58fabf]
V  [jvm.dll+0x7183ec]
V  [jvm.dll+0x716b65]
V  [jvm.dll+0x7172d0]
V  [jvm.dll+0x7176df]
V  [jvm.dll+0x5de000]
C  [msvcr120.dll+0x24f7f]
C  [msvcr120.dll+0x25126]
C  [kernel32.dll+0x1571d]
C  [ntdll.dll+0x5385d]

VM_Operation (0x0000000001d7f2e0): PopulateDumpSharedSpace, mode: safepoint, requested by thread 0x00000000003b5310


---------------  P R O C E S S  ---------------

Threads class SMR info:
_java_thread_list=0x000000001b76d840, length=7, elements={
0x00000000003b5310, 0x000000001b58a310, 0x000000001b5abdf0, 0x000000001b6399f0,
0x000000001b63a730, 0x000000001beaba90, 0x000000001c57e400
}

Java Threads: ( => current thread )
  0x00000000003b5310 JavaThread "main" [_thread_blocked, id=29532, stack(0x0000000001c80000,0x0000000001d80000)]
  0x000000001b58a310 JavaThread "Reference Handler" daemon [_thread_blocked, id=25456, stack(0x000000001ba00000,0x000000001bb00000)]
  0x000000001b5abdf0 JavaThread "Finalizer" daemon [_thread_blocked, id=29536, stack(0x000000001bc00000,0x000000001bd00000)]
  0x000000001b6399f0 JavaThread "Signal Dispatcher" daemon [_thread_blocked, id=29052, stack(0x000000001bd90000,0x000000001be90000)]
  0x000000001b63a730 JavaThread "Attach Listener" daemon [_thread_blocked, id=19572, stack(0x000000001b790000,0x000000001b890000)]
  0x000000001beaba90 JavaThread "Service Thread" daemon [_thread_blocked, id=22688, stack(0x000000001c800000,0x000000001c900000)]
  0x000000001c57e400 JavaThread "Common-Cleaner" daemon [_thread_blocked, id=25180, stack(0x000000001c690000,0x000000001c790000)]

Other Threads:
=>0x000000001b5669c0 VMThread "VM Thread" [stack: 0x000000001b900000,0x000000001ba00000] [id=28712]
  0x000000001beae350 WatcherThread [stack: 0x000000001ca20000,0x000000001cb20000] [id=28324]
  0x00000000003caab0 GCTaskThread "GC Thread#0" [stack: 0x000000000da20000,0x000000000db20000] [id=22584]
  0x000000001d9209d0 GCTaskThread "GC Thread#1" [stack: 0x000000001cdb0000,0x000000001ceb0000] [id=28108]
  0x000000001d932050 GCTaskThread "GC Thread#2" [stack: 0x000000001e340000,0x000000001e440000] [id=26488]
  0x000000001d9eb980 GCTaskThread "GC Thread#3" [stack: 0x000000001e580000,0x000000001e680000] [id=29020]
  0x000000001d9ebcc0 GCTaskThread "GC Thread#4" [stack: 0x000000001c900000,0x000000001ca00000] [id=29000]
  0x000000001d9f2d00 GCTaskThread "GC Thread#5" [stack: 0x000000001e740000,0x000000001e840000] [id=28392]
  0x0000000017ae62e0 ConcurrentGCThread "G1 Main Marker" [stack: 0x0000000017c00000,0x0000000017d00000] [id=22872]
  0x0000000017ae9450 ConcurrentGCThread "G1 Conc#0" [stack: 0x0000000017d10000,0x0000000017e10000] [id=7756]
  0x000000001dc98960 ConcurrentGCThread "G1 Conc#1" [stack: 0x000000001ffa0000,0x00000000200a0000] [id=26740]
  0x0000000017bbfc30 ConcurrentGCThread "G1 Refine#0" [stack: 0x000000001aa70000,0x000000001ab70000] [id=24024]
  0x000000001a6d99f0 ConcurrentGCThread "G1 Young RemSet Sampling" [stack: 0x000000001a940000,0x000000001aa40000] [id=28848]

Threads with active compile tasks:

VM state:at safepoint (normal execution)

VM Mutex/Monitor currently owned by a thread:  ([mutex/lock_event])
[0x00000000003b26f0] Threads_lock - owner thread: 0x000000001b5669c0

Heap address: 0x00000006c1e00000, size: 4066 MB, Compressed Oops mode: Zero based, Oop shift amount: 3
Narrow klass base: 0x0000000800000000, Narrow klass shift: 3
Compressed class space size: 1073741824 Address: 0x00000008c0000000

Heap:
 garbage-first heap   total 262144K, used 32190K [0x00000006c1e00000, 0x00000007c0000000)
  region size 1024K, 26 young (26624K), 9 survivors (9216K)
 Metaspace       used 63242K, capacity 63643K, committed 63904K, reserved 1105920K
  class space    used 8005K, capacity 8145K, committed 8180K, reserved 1048576K
Heap Regions: E=young(eden), S=young(survivor), O=old, HS=humongous(starts), HC=humongous(continues), CS=collection set, F=free, A=archive, TAMS=top-at-mark-start (previous, next)
|   0|0x00000006c1e00000, 0x00000006c1f00000, 0x00000006c1f00000|100%| O|  |TAMS 0x00000006c1f00000, 0x00000006c1e00000| Untracked 
|   1|0x00000006c1f00000, 0x00000006c2000000, 0x00000006c2000000|100%| O|  |TAMS 0x00000006c2000000, 0x00000006c1f00000| Untracked 
|   2|0x00000006c2000000, 0x00000006c2100000, 0x00000006c2100000|100%| O|  |TAMS 0x00000006c2100000, 0x00000006c2000000| Untracked 
|   3|0x00000006c2100000, 0x00000006c2200000, 0x00000006c2200000|100%| O|  |TAMS 0x00000006c2200000, 0x00000006c2100000| Untracked 
|   4|0x00000006c2200000, 0x00000006c2300000, 0x00000006c2300000|100%| O|  |TAMS 0x00000006c2300000, 0x00000006c2200000| Untracked 
|   5|0x00000006c2300000, 0x00000006c2400000, 0x00000006c2400000|100%| O|  |TAMS 0x00000006c2400000, 0x00000006c2300000| Untracked 
|   6|0x00000006c2400000, 0x00000006c2500000, 0x00000006c2500000|100%| O|  |TAMS 0x00000006c2500000, 0x00000006c2400000| Untracked 
|   7|0x00000006c2500000, 0x00000006c253e000, 0x00000006c2600000| 24%| O|  |TAMS 0x00000006c253e000, 0x00000006c2500000| Untracked 
|   8|0x00000006c2600000, 0x00000006c2600000, 0x00000006c2700000|  0%| F|  |TAMS 0x00000006c2600000, 0x00000006c2600000| Untracked 
|   9|0x00000006c2700000, 0x00000006c2700000, 0x00000006c2800000|  0%| F|  |TAMS 0x00000006c2700000, 0x00000006c2700000| Untracked 
|  10|0x00000006c2800000, 0x00000006c2800000, 0x00000006c2900000|  0%| F|  |TAMS 0x00000006c2800000, 0x00000006c2800000| Untracked 
|  11|0x00000006c2900000, 0x00000006c2900000, 0x00000006c2a00000|  0%| F|  |TAMS 0x00000006c2900000, 0x00000006c2900000| Untracked 
|  12|0x00000006c2a00000, 0x00000006c2a00000, 0x00000006c2b00000|  0%| F|  |TAMS 0x00000006c2a00000, 0x00000006c2a00000| Untracked 
|  13|0x00000006c2b00000, 0x00000006c2b00000, 0x00000006c2c00000|  0%| F|  |TAMS 0x00000006c2b00000, 0x00000006c2b00000| Untracked 
|  14|0x00000006c2c00000, 0x00000006c2c00000, 0x00000006c2d00000|  0%| F|  |TAMS 0x00000006c2c00000, 0x00000006c2c00000| Untracked 
|  15|0x00000006c2d00000, 0x00000006c2d00000, 0x00000006c2e00000|  0%| F|  |TAMS 0x00000006c2d00000, 0x00000006c2d00000| Untracked 
|  16|0x00000006c2e00000, 0x00000006c2e00000, 0x00000006c2f00000|  0%| F|  |TAMS 0x00000006c2e00000, 0x00000006c2e00000| Untracked 
|  17|0x00000006c2f00000, 0x00000006c2f00000, 0x00000006c3000000|  0%| F|  |TAMS 0x00000006c2f00000, 0x00000006c2f00000| Untracked 
|  18|0x00000006c3000000, 0x00000006c3000000, 0x00000006c3100000|  0%| F|  |TAMS 0x00000006c3000000, 0x00000006c3000000| Untracked 
|  19|0x00000006c3100000, 0x00000006c3100000, 0x00000006c3200000|  0%| F|  |TAMS 0x00000006c3100000, 0x00000006c3100000| Untracked 
|  20|0x00000006c3200000, 0x00000006c3200000, 0x00000006c3300000|  0%| F|  |TAMS 0x00000006c3200000, 0x00000006c3200000| Untracked 
|  21|0x00000006c3300000, 0x00000006c3300000, 0x00000006c3400000|  0%| F|  |TAMS 0x00000006c3300000, 0x00000006c3300000| Untracked 
|  22|0x00000006c3400000, 0x00000006c3400000, 0x00000006c3500000|  0%| F|  |TAMS 0x00000006c3400000, 0x00000006c3400000| Untracked 
|  23|0x00000006c3500000, 0x00000006c3500000, 0x00000006c3600000|  0%| F|  |TAMS 0x00000006c3500000, 0x00000006c3500000| Untracked 
|  24|0x00000006c3600000, 0x00000006c3600000, 0x00000006c3700000|  0%| F|  |TAMS 0x00000006c3600000, 0x00000006c3600000| Untracked 
|  25|0x00000006c3700000, 0x00000006c3700000, 0x00000006c3800000|  0%| F|  |TAMS 0x00000006c3700000, 0x00000006c3700000| Untracked 
|  26|0x00000006c3800000, 0x00000006c3800000, 0x00000006c3900000|  0%| F|  |TAMS 0x00000006c3800000, 0x00000006c3800000| Untracked 
|  27|0x00000006c3900000, 0x00000006c3900000, 0x00000006c3a00000|  0%| F|  |TAMS 0x00000006c3900000, 0x00000006c3900000| Untracked 
|  28|0x00000006c3a00000, 0x00000006c3a00000, 0x00000006c3b00000|  0%| F|  |TAMS 0x00000006c3a00000, 0x00000006c3a00000| Untracked 
|  29|0x00000006c3b00000, 0x00000006c3b00000, 0x00000006c3c00000|  0%| F|  |TAMS 0x00000006c3b00000, 0x00000006c3b00000| Untracked 
|  30|0x00000006c3c00000, 0x00000006c3c00000, 0x00000006c3d00000|  0%| F|  |TAMS 0x00000006c3c00000, 0x00000006c3c00000| Untracked 
|  31|0x00000006c3d00000, 0x00000006c3d00000, 0x00000006c3e00000|  0%| F|  |TAMS 0x00000006c3d00000, 0x00000006c3d00000| Untracked 
|  32|0x00000006c3e00000, 0x00000006c3e00000, 0x00000006c3f00000|  0%| F|  |TAMS 0x00000006c3e00000, 0x00000006c3e00000| Untracked 
|  33|0x00000006c3f00000, 0x00000006c3f00000, 0x00000006c4000000|  0%| F|  |TAMS 0x00000006c3f00000, 0x00000006c3f00000| Untracked 
|  34|0x00000006c4000000, 0x00000006c4000000, 0x00000006c4100000|  0%| F|  |TAMS 0x00000006c4000000, 0x00000006c4000000| Untracked 
|  35|0x00000006c4100000, 0x00000006c4100000, 0x00000006c4200000|  0%| F|  |TAMS 0x00000006c4100000, 0x00000006c4100000| Untracked 
|  36|0x00000006c4200000, 0x00000006c4200000, 0x00000006c4300000|  0%| F|  |TAMS 0x00000006c4200000, 0x00000006c4200000| Untracked 
|  37|0x00000006c4300000, 0x00000006c4300000, 0x00000006c4400000|  0%| F|  |TAMS 0x00000006c4300000, 0x00000006c4300000| Untracked 
|  38|0x00000006c4400000, 0x00000006c4400000, 0x00000006c4500000|  0%| F|  |TAMS 0x00000006c4400000, 0x00000006c4400000| Untracked 
|  39|0x00000006c4500000, 0x00000006c4500000, 0x00000006c4600000|  0%| F|  |TAMS 0x00000006c4500000, 0x00000006c4500000| Untracked 
|  40|0x00000006c4600000, 0x00000006c4600000, 0x00000006c4700000|  0%| F|  |TAMS 0x00000006c4600000, 0x00000006c4600000| Untracked 
|  41|0x00000006c4700000, 0x00000006c4700000, 0x00000006c4800000|  0%| F|  |TAMS 0x00000006c4700000, 0x00000006c4700000| Untracked 
|  42|0x00000006c4800000, 0x00000006c4800000, 0x00000006c4900000|  0%| F|  |TAMS 0x00000006c4800000, 0x00000006c4800000| Untracked 
|  43|0x00000006c4900000, 0x00000006c4900000, 0x00000006c4a00000|  0%| F|  |TAMS 0x00000006c4900000, 0x00000006c4900000| Untracked 
|  44|0x00000006c4a00000, 0x00000006c4a00000, 0x00000006c4b00000|  0%| F|  |TAMS 0x00000006c4a00000, 0x00000006c4a00000| Untracked 
|  45|0x00000006c4b00000, 0x00000006c4b00000, 0x00000006c4c00000|  0%| F|  |TAMS 0x00000006c4b00000, 0x00000006c4b00000| Untracked 
|  46|0x00000006c4c00000, 0x00000006c4c00000, 0x00000006c4d00000|  0%| F|  |TAMS 0x00000006c4c00000, 0x00000006c4c00000| Untracked 
|  47|0x00000006c4d00000, 0x00000006c4d00000, 0x00000006c4e00000|  0%| F|  |TAMS 0x00000006c4d00000, 0x00000006c4d00000| Untracked 
|  48|0x00000006c4e00000, 0x00000006c4e00000, 0x00000006c4f00000|  0%| F|  |TAMS 0x00000006c4e00000, 0x00000006c4e00000| Untracked 
|  49|0x00000006c4f00000, 0x00000006c4f00000, 0x00000006c5000000|  0%| F|  |TAMS 0x00000006c4f00000, 0x00000006c4f00000| Untracked 
|  50|0x00000006c5000000, 0x00000006c5000000, 0x00000006c5100000|  0%| F|  |TAMS 0x00000006c5000000, 0x00000006c5000000| Untracked 
|  51|0x00000006c5100000, 0x00000006c5100000, 0x00000006c5200000|  0%| F|  |TAMS 0x00000006c5100000, 0x00000006c5100000| Untracked 
|  52|0x00000006c5200000, 0x00000006c5200000, 0x00000006c5300000|  0%| F|  |TAMS 0x00000006c5200000, 0x00000006c5200000| Untracked 
|  53|0x00000006c5300000, 0x00000006c5300000, 0x00000006c5400000|  0%| F|  |TAMS 0x00000006c5300000, 0x00000006c5300000| Untracked 
|  54|0x00000006c5400000, 0x00000006c5400000, 0x00000006c5500000|  0%| F|  |TAMS 0x00000006c5400000, 0x00000006c5400000| Untracked 
|  55|0x00000006c5500000, 0x00000006c5500000, 0x00000006c5600000|  0%| F|  |TAMS 0x00000006c5500000, 0x00000006c5500000| Untracked 
|  56|0x00000006c5600000, 0x00000006c5600000, 0x00000006c5700000|  0%| F|  |TAMS 0x00000006c5600000, 0x00000006c5600000| Untracked 
|  57|0x00000006c5700000, 0x00000006c5700000, 0x00000006c5800000|  0%| F|  |TAMS 0x00000006c5700000, 0x00000006c5700000| Untracked 
|  58|0x00000006c5800000, 0x00000006c5800000, 0x00000006c5900000|  0%| F|  |TAMS 0x00000006c5800000, 0x00000006c5800000| Untracked 
|  59|0x00000006c5900000, 0x00000006c5900000, 0x00000006c5a00000|  0%| F|  |TAMS 0x00000006c5900000, 0x00000006c5900000| Untracked 
|  60|0x00000006c5a00000, 0x00000006c5a00000, 0x00000006c5b00000|  0%| F|  |TAMS 0x00000006c5a00000, 0x00000006c5a00000| Untracked 
|  61|0x00000006c5b00000, 0x00000006c5b00000, 0x00000006c5c00000|  0%| F|  |TAMS 0x00000006c5b00000, 0x00000006c5b00000| Untracked 
|  62|0x00000006c5c00000, 0x00000006c5c00000, 0x00000006c5d00000|  0%| F|  |TAMS 0x00000006c5c00000, 0x00000006c5c00000| Untracked 
|  63|0x00000006c5d00000, 0x00000006c5d00000, 0x00000006c5e00000|  0%| F|  |TAMS 0x00000006c5d00000, 0x00000006c5d00000| Untracked 
|  64|0x00000006c5e00000, 0x00000006c5e00000, 0x00000006c5f00000|  0%| F|  |TAMS 0x00000006c5e00000, 0x00000006c5e00000| Untracked 
|  65|0x00000006c5f00000, 0x00000006c5f00000, 0x00000006c6000000|  0%| F|  |TAMS 0x00000006c5f00000, 0x00000006c5f00000| Untracked 
|  66|0x00000006c6000000, 0x00000006c6000000, 0x00000006c6100000|  0%| F|  |TAMS 0x00000006c6000000, 0x00000006c6000000| Untracked 
|  67|0x00000006c6100000, 0x00000006c6100000, 0x00000006c6200000|  0%| F|  |TAMS 0x00000006c6100000, 0x00000006c6100000| Untracked 
|  68|0x00000006c6200000, 0x00000006c6200000, 0x00000006c6300000|  0%| F|  |TAMS 0x00000006c6200000, 0x00000006c6200000| Untracked 
|  69|0x00000006c6300000, 0x00000006c6300000, 0x00000006c6400000|  0%| F|  |TAMS 0x00000006c6300000, 0x00000006c6300000| Untracked 
|  70|0x00000006c6400000, 0x00000006c6400000, 0x00000006c6500000|  0%| F|  |TAMS 0x00000006c6400000, 0x00000006c6400000| Untracked 
|  71|0x00000006c6500000, 0x00000006c6500000, 0x00000006c6600000|  0%| F|  |TAMS 0x00000006c6500000, 0x00000006c6500000| Untracked 
|  72|0x00000006c6600000, 0x00000006c6600000, 0x00000006c6700000|  0%| F|  |TAMS 0x00000006c6600000, 0x00000006c6600000| Untracked 
|  73|0x00000006c6700000, 0x00000006c6700000, 0x00000006c6800000|  0%| F|  |TAMS 0x00000006c6700000, 0x00000006c6700000| Untracked 
|  74|0x00000006c6800000, 0x00000006c6800000, 0x00000006c6900000|  0%| F|  |TAMS 0x00000006c6800000, 0x00000006c6800000| Untracked 
|  75|0x00000006c6900000, 0x00000006c6900000, 0x00000006c6a00000|  0%| F|  |TAMS 0x00000006c6900000, 0x00000006c6900000| Untracked 
|  76|0x00000006c6a00000, 0x00000006c6a00000, 0x00000006c6b00000|  0%| F|  |TAMS 0x00000006c6a00000, 0x00000006c6a00000| Untracked 
|  77|0x00000006c6b00000, 0x00000006c6b00000, 0x00000006c6c00000|  0%| F|  |TAMS 0x00000006c6b00000, 0x00000006c6b00000| Untracked 
|  78|0x00000006c6c00000, 0x00000006c6c00000, 0x00000006c6d00000|  0%| F|  |TAMS 0x00000006c6c00000, 0x00000006c6c00000| Untracked 
|  79|0x00000006c6d00000, 0x00000006c6d00000, 0x00000006c6e00000|  0%| F|  |TAMS 0x00000006c6d00000, 0x00000006c6d00000| Untracked 
|  80|0x00000006c6e00000, 0x00000006c6e00000, 0x00000006c6f00000|  0%| F|  |TAMS 0x00000006c6e00000, 0x00000006c6e00000| Untracked 
|  81|0x00000006c6f00000, 0x00000006c6f00000, 0x00000006c7000000|  0%| F|  |TAMS 0x00000006c6f00000, 0x00000006c6f00000| Untracked 
|  82|0x00000006c7000000, 0x00000006c7000000, 0x00000006c7100000|  0%| F|  |TAMS 0x00000006c7000000, 0x00000006c7000000| Untracked 
|  83|0x00000006c7100000, 0x00000006c7100000, 0x00000006c7200000|  0%| F|  |TAMS 0x00000006c7100000, 0x00000006c7100000| Untracked 
|  84|0x00000006c7200000, 0x00000006c7200000, 0x00000006c7300000|  0%| F|  |TAMS 0x00000006c7200000, 0x00000006c7200000| Untracked 
|  85|0x00000006c7300000, 0x00000006c7300000, 0x00000006c7400000|  0%| F|  |TAMS 0x00000006c7300000, 0x00000006c7300000| Untracked 
|  86|0x00000006c7400000, 0x00000006c7400000, 0x00000006c7500000|  0%| F|  |TAMS 0x00000006c7400000, 0x00000006c7400000| Untracked 
|  87|0x00000006c7500000, 0x00000006c7500000, 0x00000006c7600000|  0%| F|  |TAMS 0x00000006c7500000, 0x00000006c7500000| Untracked 
|  88|0x00000006c7600000, 0x00000006c7600000, 0x00000006c7700000|  0%| F|  |TAMS 0x00000006c7600000, 0x00000006c7600000| Untracked 
|  89|0x00000006c7700000, 0x00000006c7700000, 0x00000006c7800000|  0%| F|  |TAMS 0x00000006c7700000, 0x00000006c7700000| Untracked 
|  90|0x00000006c7800000, 0x00000006c7800000, 0x00000006c7900000|  0%| F|  |TAMS 0x00000006c7800000, 0x00000006c7800000| Untracked 
|  91|0x00000006c7900000, 0x00000006c7900000, 0x00000006c7a00000|  0%| F|  |TAMS 0x00000006c7900000, 0x00000006c7900000| Untracked 
|  92|0x00000006c7a00000, 0x00000006c7a00000, 0x00000006c7b00000|  0%| F|  |TAMS 0x00000006c7a00000, 0x00000006c7a00000| Untracked 
|  93|0x00000006c7b00000, 0x00000006c7b00000, 0x00000006c7c00000|  0%| F|  |TAMS 0x00000006c7b00000, 0x00000006c7b00000| Untracked 
|  94|0x00000006c7c00000, 0x00000006c7c00000, 0x00000006c7d00000|  0%| F|  |TAMS 0x00000006c7c00000, 0x00000006c7c00000| Untracked 
|  95|0x00000006c7d00000, 0x00000006c7d00000, 0x00000006c7e00000|  0%| F|  |TAMS 0x00000006c7d00000, 0x00000006c7d00000| Untracked 
|  96|0x00000006c7e00000, 0x00000006c7e00000, 0x00000006c7f00000|  0%| F|  |TAMS 0x00000006c7e00000, 0x00000006c7e00000| Untracked 
|  97|0x00000006c7f00000, 0x00000006c7f00000, 0x00000006c8000000|  0%| F|  |TAMS 0x00000006c7f00000, 0x00000006c7f00000| Untracked 
|  98|0x00000006c8000000, 0x00000006c8000000, 0x00000006c8100000|  0%| F|  |TAMS 0x00000006c8000000, 0x00000006c8000000| Untracked 
|  99|0x00000006c8100000, 0x00000006c8100000, 0x00000006c8200000|  0%| F|  |TAMS 0x00000006c8100000, 0x00000006c8100000| Untracked 
| 100|0x00000006c8200000, 0x00000006c8200000, 0x00000006c8300000|  0%| F|  |TAMS 0x00000006c8200000, 0x00000006c8200000| Untracked 
| 101|0x00000006c8300000, 0x00000006c8300000, 0x00000006c8400000|  0%| F|  |TAMS 0x00000006c8300000, 0x00000006c8300000| Untracked 
| 102|0x00000006c8400000, 0x00000006c8400000, 0x00000006c8500000|  0%| F|  |TAMS 0x00000006c8400000, 0x00000006c8400000| Untracked 
| 103|0x00000006c8500000, 0x00000006c8500000, 0x00000006c8600000|  0%| F|  |TAMS 0x00000006c8500000, 0x00000006c8500000| Untracked 
| 104|0x00000006c8600000, 0x00000006c8600000, 0x00000006c8700000|  0%| F|  |TAMS 0x00000006c8600000, 0x00000006c8600000| Untracked 
| 105|0x00000006c8700000, 0x00000006c8700000, 0x00000006c8800000|  0%| F|  |TAMS 0x00000006c8700000, 0x00000006c8700000| Untracked 
| 106|0x00000006c8800000, 0x00000006c8800000, 0x00000006c8900000|  0%| F|  |TAMS 0x00000006c8800000, 0x00000006c8800000| Untracked 
| 107|0x00000006c8900000, 0x00000006c8900000, 0x00000006c8a00000|  0%| F|  |TAMS 0x00000006c8900000, 0x00000006c8900000| Untracked 
| 108|0x00000006c8a00000, 0x00000006c8a00000, 0x00000006c8b00000|  0%| F|  |TAMS 0x00000006c8a00000, 0x00000006c8a00000| Untracked 
| 109|0x00000006c8b00000, 0x00000006c8b00000, 0x00000006c8c00000|  0%| F|  |TAMS 0x00000006c8b00000, 0x00000006c8b00000| Untracked 
| 110|0x00000006c8c00000, 0x00000006c8c00000, 0x00000006c8d00000|  0%| F|  |TAMS 0x00000006c8c00000, 0x00000006c8c00000| Untracked 
| 111|0x00000006c8d00000, 0x00000006c8d00000, 0x00000006c8e00000|  0%| F|  |TAMS 0x00000006c8d00000, 0x00000006c8d00000| Untracked 
| 112|0x00000006c8e00000, 0x00000006c8e00000, 0x00000006c8f00000|  0%| F|  |TAMS 0x00000006c8e00000, 0x00000006c8e00000| Untracked 
| 113|0x00000006c8f00000, 0x00000006c8f00000, 0x00000006c9000000|  0%| F|  |TAMS 0x00000006c8f00000, 0x00000006c8f00000| Untracked 
| 114|0x00000006c9000000, 0x00000006c9000000, 0x00000006c9100000|  0%| F|  |TAMS 0x00000006c9000000, 0x00000006c9000000| Untracked 
| 115|0x00000006c9100000, 0x00000006c9100000, 0x00000006c9200000|  0%| F|  |TAMS 0x00000006c9100000, 0x00000006c9100000| Untracked 
| 116|0x00000006c9200000, 0x00000006c9200000, 0x00000006c9300000|  0%| F|  |TAMS 0x00000006c9200000, 0x00000006c9200000| Untracked 
| 117|0x00000006c9300000, 0x00000006c9300000, 0x00000006c9400000|  0%| F|  |TAMS 0x00000006c9300000, 0x00000006c9300000| Untracked 
| 118|0x00000006c9400000, 0x00000006c9400000, 0x00000006c9500000|  0%| F|  |TAMS 0x00000006c9400000, 0x00000006c9400000| Untracked 
| 119|0x00000006c9500000, 0x00000006c9500000, 0x00000006c9600000|  0%| F|  |TAMS 0x00000006c9500000, 0x00000006c9500000| Untracked 
| 120|0x00000006c9600000, 0x00000006c9600000, 0x00000006c9700000|  0%| F|  |TAMS 0x00000006c9600000, 0x00000006c9600000| Untracked 
| 121|0x00000006c9700000, 0x00000006c9700000, 0x00000006c9800000|  0%| F|  |TAMS 0x00000006c9700000, 0x00000006c9700000| Untracked 
| 122|0x00000006c9800000, 0x00000006c9800000, 0x00000006c9900000|  0%| F|  |TAMS 0x00000006c9800000, 0x00000006c9800000| Untracked 
| 123|0x00000006c9900000, 0x00000006c9900000, 0x00000006c9a00000|  0%| F|  |TAMS 0x00000006c9900000, 0x00000006c9900000| Untracked 
| 124|0x00000006c9a00000, 0x00000006c9a00000, 0x00000006c9b00000|  0%| F|  |TAMS 0x00000006c9a00000, 0x00000006c9a00000| Untracked 
| 125|0x00000006c9b00000, 0x00000006c9b00000, 0x00000006c9c00000|  0%| F|  |TAMS 0x00000006c9b00000, 0x00000006c9b00000| Untracked 
| 126|0x00000006c9c00000, 0x00000006c9c00000, 0x00000006c9d00000|  0%| F|  |TAMS 0x00000006c9c00000, 0x00000006c9c00000| Untracked 
| 127|0x00000006c9d00000, 0x00000006c9d00000, 0x00000006c9e00000|  0%| F|  |TAMS 0x00000006c9d00000, 0x00000006c9d00000| Untracked 
| 128|0x00000006c9e00000, 0x00000006c9e00000, 0x00000006c9f00000|  0%| F|  |TAMS 0x00000006c9e00000, 0x00000006c9e00000| Untracked 
| 129|0x00000006c9f00000, 0x00000006c9f00000, 0x00000006ca000000|  0%| F|  |TAMS 0x00000006c9f00000, 0x00000006c9f00000| Untracked 
| 130|0x00000006ca000000, 0x00000006ca000000, 0x00000006ca100000|  0%| F|  |TAMS 0x00000006ca000000, 0x00000006ca000000| Untracked 
| 131|0x00000006ca100000, 0x00000006ca100000, 0x00000006ca200000|  0%| F|  |TAMS 0x00000006ca100000, 0x00000006ca100000| Untracked 
| 132|0x00000006ca200000, 0x00000006ca200000, 0x00000006ca300000|  0%| F|  |TAMS 0x00000006ca200000, 0x00000006ca200000| Untracked 
| 133|0x00000006ca300000, 0x00000006ca300000, 0x00000006ca400000|  0%| F|  |TAMS 0x00000006ca300000, 0x00000006ca300000| Untracked 
| 134|0x00000006ca400000, 0x00000006ca400000, 0x00000006ca500000|  0%| F|  |TAMS 0x00000006ca400000, 0x00000006ca400000| Untracked 
| 135|0x00000006ca500000, 0x00000006ca500000, 0x00000006ca600000|  0%| F|  |TAMS 0x00000006ca500000, 0x00000006ca500000| Untracked 
| 136|0x00000006ca600000, 0x00000006ca600000, 0x00000006ca700000|  0%| F|  |TAMS 0x00000006ca600000, 0x00000006ca600000| Untracked 
| 137|0x00000006ca700000, 0x00000006ca700000, 0x00000006ca800000|  0%| F|  |TAMS 0x00000006ca700000, 0x00000006ca700000| Untracked 
| 138|0x00000006ca800000, 0x00000006ca800000, 0x00000006ca900000|  0%| F|  |TAMS 0x00000006ca800000, 0x00000006ca800000| Untracked 
| 139|0x00000006ca900000, 0x00000006ca900000, 0x00000006caa00000|  0%| F|  |TAMS 0x00000006ca900000, 0x00000006ca900000| Untracked 
| 140|0x00000006caa00000, 0x00000006caa00000, 0x00000006cab00000|  0%| F|  |TAMS 0x00000006caa00000, 0x00000006caa00000| Untracked 
| 141|0x00000006cab00000, 0x00000006cab00000, 0x00000006cac00000|  0%| F|  |TAMS 0x00000006cab00000, 0x00000006cab00000| Untracked 
| 142|0x00000006cac00000, 0x00000006cac00000, 0x00000006cad00000|  0%| F|  |TAMS 0x00000006cac00000, 0x00000006cac00000| Untracked 
| 143|0x00000006cad00000, 0x00000006cad00000, 0x00000006cae00000|  0%| F|  |TAMS 0x00000006cad00000, 0x00000006cad00000| Untracked 
| 144|0x00000006cae00000, 0x00000006cae00000, 0x00000006caf00000|  0%| F|  |TAMS 0x00000006cae00000, 0x00000006cae00000| Untracked 
| 145|0x00000006caf00000, 0x00000006caf00000, 0x00000006cb000000|  0%| F|  |TAMS 0x00000006caf00000, 0x00000006caf00000| Untracked 
| 146|0x00000006cb000000, 0x00000006cb000000, 0x00000006cb100000|  0%| F|  |TAMS 0x00000006cb000000, 0x00000006cb000000| Untracked 
| 147|0x00000006cb100000, 0x00000006cb100000, 0x00000006cb200000|  0%| F|  |TAMS 0x00000006cb100000, 0x00000006cb100000| Untracked 
| 148|0x00000006cb200000, 0x00000006cb200000, 0x00000006cb300000|  0%| F|  |TAMS 0x00000006cb200000, 0x00000006cb200000| Untracked 
| 149|0x00000006cb300000, 0x00000006cb300000, 0x00000006cb400000|  0%| F|  |TAMS 0x00000006cb300000, 0x00000006cb300000| Untracked 
| 150|0x00000006cb400000, 0x00000006cb400000, 0x00000006cb500000|  0%| F|  |TAMS 0x00000006cb400000, 0x00000006cb400000| Untracked 
| 151|0x00000006cb500000, 0x00000006cb500000, 0x00000006cb600000|  0%| F|  |TAMS 0x00000006cb500000, 0x00000006cb500000| Untracked 
| 152|0x00000006cb600000, 0x00000006cb600000, 0x00000006cb700000|  0%| F|  |TAMS 0x00000006cb600000, 0x00000006cb600000| Untracked 
| 153|0x00000006cb700000, 0x00000006cb700000, 0x00000006cb800000|  0%| F|  |TAMS 0x00000006cb700000, 0x00000006cb700000| Untracked 
| 154|0x00000006cb800000, 0x00000006cb800000, 0x00000006cb900000|  0%| F|  |TAMS 0x00000006cb800000, 0x00000006cb800000| Untracked 
| 155|0x00000006cb900000, 0x00000006cb900000, 0x00000006cba00000|  0%| F|  |TAMS 0x00000006cb900000, 0x00000006cb900000| Untracked 
| 156|0x00000006cba00000, 0x00000006cba00000, 0x00000006cbb00000|  0%| F|  |TAMS 0x00000006cba00000, 0x00000006cba00000| Untracked 
| 157|0x00000006cbb00000, 0x00000006cbb00000, 0x00000006cbc00000|  0%| F|  |TAMS 0x00000006cbb00000, 0x00000006cbb00000| Untracked 
| 158|0x00000006cbc00000, 0x00000006cbc00000, 0x00000006cbd00000|  0%| F|  |TAMS 0x00000006cbc00000, 0x00000006cbc00000| Untracked 
| 159|0x00000006cbd00000, 0x00000006cbd00000, 0x00000006cbe00000|  0%| F|  |TAMS 0x00000006cbd00000, 0x00000006cbd00000| Untracked 
| 160|0x00000006cbe00000, 0x00000006cbe00000, 0x00000006cbf00000|  0%| F|  |TAMS 0x00000006cbe00000, 0x00000006cbe00000| Untracked 
| 161|0x00000006cbf00000, 0x00000006cbf00000, 0x00000006cc000000|  0%| F|  |TAMS 0x00000006cbf00000, 0x00000006cbf00000| Untracked 
| 162|0x00000006cc000000, 0x00000006cc000000, 0x00000006cc100000|  0%| F|  |TAMS 0x00000006cc000000, 0x00000006cc000000| Untracked 
| 163|0x00000006cc100000, 0x00000006cc100000, 0x00000006cc200000|  0%| F|  |TAMS 0x00000006cc100000, 0x00000006cc100000| Untracked 
| 164|0x00000006cc200000, 0x00000006cc200000, 0x00000006cc300000|  0%| F|  |TAMS 0x00000006cc200000, 0x00000006cc200000| Untracked 
| 165|0x00000006cc300000, 0x00000006cc300000, 0x00000006cc400000|  0%| F|  |TAMS 0x00000006cc300000, 0x00000006cc300000| Untracked 
| 166|0x00000006cc400000, 0x00000006cc400000, 0x00000006cc500000|  0%| F|  |TAMS 0x00000006cc400000, 0x00000006cc400000| Untracked 
| 167|0x00000006cc500000, 0x00000006cc500000, 0x00000006cc600000|  0%| F|  |TAMS 0x00000006cc500000, 0x00000006cc500000| Untracked 
| 168|0x00000006cc600000, 0x00000006cc600000, 0x00000006cc700000|  0%| F|  |TAMS 0x00000006cc600000, 0x00000006cc600000| Untracked 
| 169|0x00000006cc700000, 0x00000006cc700000, 0x00000006cc800000|  0%| F|  |TAMS 0x00000006cc700000, 0x00000006cc700000| Untracked 
| 170|0x00000006cc800000, 0x00000006cc800000, 0x00000006cc900000|  0%| F|  |TAMS 0x00000006cc800000, 0x00000006cc800000| Untracked 
| 171|0x00000006cc900000, 0x00000006cc900000, 0x00000006cca00000|  0%| F|  |TAMS 0x00000006cc900000, 0x00000006cc900000| Untracked 
| 172|0x00000006cca00000, 0x00000006cca00000, 0x00000006ccb00000|  0%| F|  |TAMS 0x00000006cca00000, 0x00000006cca00000| Untracked 
| 173|0x00000006ccb00000, 0x00000006ccb00000, 0x00000006ccc00000|  0%| F|  |TAMS 0x00000006ccb00000, 0x00000006ccb00000| Untracked 
| 174|0x00000006ccc00000, 0x00000006ccc00000, 0x00000006ccd00000|  0%| F|  |TAMS 0x00000006ccc00000, 0x00000006ccc00000| Untracked 
| 175|0x00000006ccd00000, 0x00000006ccd00000, 0x00000006cce00000|  0%| F|  |TAMS 0x00000006ccd00000, 0x00000006ccd00000| Untracked 
| 176|0x00000006cce00000, 0x00000006cce00000, 0x00000006ccf00000|  0%| F|  |TAMS 0x00000006cce00000, 0x00000006cce00000| Untracked 
| 177|0x00000006ccf00000, 0x00000006ccf00000, 0x00000006cd000000|  0%| F|  |TAMS 0x00000006ccf00000, 0x00000006ccf00000| Untracked 
| 178|0x00000006cd000000, 0x00000006cd000000, 0x00000006cd100000|  0%| F|  |TAMS 0x00000006cd000000, 0x00000006cd000000| Untracked 
| 179|0x00000006cd100000, 0x00000006cd100000, 0x00000006cd200000|  0%| F|  |TAMS 0x00000006cd100000, 0x00000006cd100000| Untracked 
| 180|0x00000006cd200000, 0x00000006cd200000, 0x00000006cd300000|  0%| F|  |TAMS 0x00000006cd200000, 0x00000006cd200000| Untracked 
| 181|0x00000006cd300000, 0x00000006cd300000, 0x00000006cd400000|  0%| F|  |TAMS 0x00000006cd300000, 0x00000006cd300000| Untracked 
| 182|0x00000006cd400000, 0x00000006cd400000, 0x00000006cd500000|  0%| F|  |TAMS 0x00000006cd400000, 0x00000006cd400000| Untracked 
| 183|0x00000006cd500000, 0x00000006cd500000, 0x00000006cd600000|  0%| F|  |TAMS 0x00000006cd500000, 0x00000006cd500000| Untracked 
| 184|0x00000006cd600000, 0x00000006cd600000, 0x00000006cd700000|  0%| F|  |TAMS 0x00000006cd600000, 0x00000006cd600000| Untracked 
| 185|0x00000006cd700000, 0x00000006cd700000, 0x00000006cd800000|  0%| F|  |TAMS 0x00000006cd700000, 0x00000006cd700000| Untracked 
| 186|0x00000006cd800000, 0x00000006cd800000, 0x00000006cd900000|  0%| F|  |TAMS 0x00000006cd800000, 0x00000006cd800000| Untracked 
| 187|0x00000006cd900000, 0x00000006cd900000, 0x00000006cda00000|  0%| F|  |TAMS 0x00000006cd900000, 0x00000006cd900000| Untracked 
| 188|0x00000006cda00000, 0x00000006cda00000, 0x00000006cdb00000|  0%| F|  |TAMS 0x00000006cda00000, 0x00000006cda00000| Untracked 
| 189|0x00000006cdb00000, 0x00000006cdb00000, 0x00000006cdc00000|  0%| F|  |TAMS 0x00000006cdb00000, 0x00000006cdb00000| Untracked 
| 190|0x00000006cdc00000, 0x00000006cdc31bc8, 0x00000006cdd00000| 19%| S|CS|TAMS 0x00000006cdc00000, 0x00000006cdc00000| Complete 
| 191|0x00000006cdd00000, 0x00000006cde00000, 0x00000006cde00000|100%| S|CS|TAMS 0x00000006cdd00000, 0x00000006cdd00000| Complete 
| 192|0x00000006cde00000, 0x00000006cdf00000, 0x00000006cdf00000|100%| S|CS|TAMS 0x00000006cde00000, 0x00000006cde00000| Complete 
| 193|0x00000006cdf00000, 0x00000006ce000000, 0x00000006ce000000|100%| S|CS|TAMS 0x00000006cdf00000, 0x00000006cdf00000| Complete 
| 194|0x00000006ce000000, 0x00000006ce100000, 0x00000006ce100000|100%| S|CS|TAMS 0x00000006ce000000, 0x00000006ce000000| Complete 
| 195|0x00000006ce100000, 0x00000006ce200000, 0x00000006ce200000|100%| S|CS|TAMS 0x00000006ce100000, 0x00000006ce100000| Complete 
| 196|0x00000006ce200000, 0x00000006ce300000, 0x00000006ce300000|100%| S|CS|TAMS 0x00000006ce200000, 0x00000006ce200000| Complete 
| 197|0x00000006ce300000, 0x00000006ce400000, 0x00000006ce400000|100%| S|CS|TAMS 0x00000006ce300000, 0x00000006ce300000| Complete 
| 198|0x00000006ce400000, 0x00000006ce500000, 0x00000006ce500000|100%| S|CS|TAMS 0x00000006ce400000, 0x00000006ce400000| Complete 
| 199|0x00000006ce500000, 0x00000006ce500000, 0x00000006ce600000|  0%| F|  |TAMS 0x00000006ce500000, 0x00000006ce500000| Untracked 
| 200|0x00000006ce600000, 0x00000006ce600000, 0x00000006ce700000|  0%| F|  |TAMS 0x00000006ce600000, 0x00000006ce600000| Untracked 
| 201|0x00000006ce700000, 0x00000006ce700000, 0x00000006ce800000|  0%| F|  |TAMS 0x00000006ce700000, 0x00000006ce700000| Untracked 
| 202|0x00000006ce800000, 0x00000006ce800000, 0x00000006ce900000|  0%| F|  |TAMS 0x00000006ce800000, 0x00000006ce800000| Untracked 
| 203|0x00000006ce900000, 0x00000006ce900000, 0x00000006cea00000|  0%| F|  |TAMS 0x00000006ce900000, 0x00000006ce900000| Untracked 
| 204|0x00000006cea00000, 0x00000006cea00000, 0x00000006ceb00000|  0%| F|  |TAMS 0x00000006cea00000, 0x00000006cea00000| Untracked 
| 205|0x00000006ceb00000, 0x00000006ceb00000, 0x00000006cec00000|  0%| F|  |TAMS 0x00000006ceb00000, 0x00000006ceb00000| Untracked 
| 206|0x00000006cec00000, 0x00000006cec00000, 0x00000006ced00000|  0%| F|  |TAMS 0x00000006cec00000, 0x00000006cec00000| Untracked 
| 207|0x00000006ced00000, 0x00000006ced00000, 0x00000006cee00000|  0%| F|  |TAMS 0x00000006ced00000, 0x00000006ced00000| Untracked 
| 208|0x00000006cee00000, 0x00000006cee00000, 0x00000006cef00000|  0%| F|  |TAMS 0x00000006cee00000, 0x00000006cee00000| Untracked 
| 209|0x00000006cef00000, 0x00000006cef00000, 0x00000006cf000000|  0%| F|  |TAMS 0x00000006cef00000, 0x00000006cef00000| Untracked 
| 210|0x00000006cf000000, 0x00000006cf000000, 0x00000006cf100000|  0%| F|  |TAMS 0x00000006cf000000, 0x00000006cf000000| Untracked 
| 211|0x00000006cf100000, 0x00000006cf100000, 0x00000006cf200000|  0%| F|  |TAMS 0x00000006cf100000, 0x00000006cf100000| Untracked 
| 212|0x00000006cf200000, 0x00000006cf200000, 0x00000006cf300000|  0%| F|  |TAMS 0x00000006cf200000, 0x00000006cf200000| Untracked 
| 213|0x00000006cf300000, 0x00000006cf300000, 0x00000006cf400000|  0%| F|  |TAMS 0x00000006cf300000, 0x00000006cf300000| Untracked 
| 214|0x00000006cf400000, 0x00000006cf400000, 0x00000006cf500000|  0%| F|  |TAMS 0x00000006cf400000, 0x00000006cf400000| Untracked 
| 215|0x00000006cf500000, 0x00000006cf500000, 0x00000006cf600000|  0%| F|  |TAMS 0x00000006cf500000, 0x00000006cf500000| Untracked 
| 216|0x00000006cf600000, 0x00000006cf600000, 0x00000006cf700000|  0%| F|  |TAMS 0x00000006cf600000, 0x00000006cf600000| Untracked 
| 217|0x00000006cf700000, 0x00000006cf700000, 0x00000006cf800000|  0%| F|  |TAMS 0x00000006cf700000, 0x00000006cf700000| Untracked 
| 218|0x00000006cf800000, 0x00000006cf800000, 0x00000006cf900000|  0%| F|  |TAMS 0x00000006cf800000, 0x00000006cf800000| Untracked 
| 219|0x00000006cf900000, 0x00000006cf900000, 0x00000006cfa00000|  0%| F|  |TAMS 0x00000006cf900000, 0x00000006cf900000| Untracked 
| 220|0x00000006cfa00000, 0x00000006cfa00000, 0x00000006cfb00000|  0%| F|  |TAMS 0x00000006cfa00000, 0x00000006cfa00000| Untracked 
| 221|0x00000006cfb00000, 0x00000006cfb00000, 0x00000006cfc00000|  0%| F|  |TAMS 0x00000006cfb00000, 0x00000006cfb00000| Untracked 
| 222|0x00000006cfc00000, 0x00000006cfc00000, 0x00000006cfd00000|  0%| F|  |TAMS 0x00000006cfc00000, 0x00000006cfc00000| Untracked 
| 223|0x00000006cfd00000, 0x00000006cfd00000, 0x00000006cfe00000|  0%| F|  |TAMS 0x00000006cfd00000, 0x00000006cfd00000| Untracked 
| 224|0x00000006cfe00000, 0x00000006cfe00000, 0x00000006cff00000|  0%| F|  |TAMS 0x00000006cfe00000, 0x00000006cfe00000| Untracked 
| 225|0x00000006cff00000, 0x00000006cff00000, 0x00000006d0000000|  0%| F|  |TAMS 0x00000006cff00000, 0x00000006cff00000| Untracked 
| 226|0x00000006d0000000, 0x00000006d0000000, 0x00000006d0100000|  0%| F|  |TAMS 0x00000006d0000000, 0x00000006d0000000| Untracked 
| 227|0x00000006d0100000, 0x00000006d0100000, 0x00000006d0200000|  0%| F|  |TAMS 0x00000006d0100000, 0x00000006d0100000| Untracked 
| 228|0x00000006d0200000, 0x00000006d0200000, 0x00000006d0300000|  0%| F|  |TAMS 0x00000006d0200000, 0x00000006d0200000| Untracked 
| 229|0x00000006d0300000, 0x00000006d0300000, 0x00000006d0400000|  0%| F|  |TAMS 0x00000006d0300000, 0x00000006d0300000| Untracked 
| 230|0x00000006d0400000, 0x00000006d0400000, 0x00000006d0500000|  0%| F|  |TAMS 0x00000006d0400000, 0x00000006d0400000| Untracked 
| 231|0x00000006d0500000, 0x00000006d0500000, 0x00000006d0600000|  0%| F|  |TAMS 0x00000006d0500000, 0x00000006d0500000| Untracked 
| 232|0x00000006d0600000, 0x00000006d0600000, 0x00000006d0700000|  0%| F|  |TAMS 0x00000006d0600000, 0x00000006d0600000| Untracked 
| 233|0x00000006d0700000, 0x00000006d0700000, 0x00000006d0800000|  0%| F|  |TAMS 0x00000006d0700000, 0x00000006d0700000| Untracked 
| 234|0x00000006d0800000, 0x00000006d0800000, 0x00000006d0900000|  0%| F|  |TAMS 0x00000006d0800000, 0x00000006d0800000| Untracked 
| 235|0x00000006d0900000, 0x00000006d0900000, 0x00000006d0a00000|  0%| F|  |TAMS 0x00000006d0900000, 0x00000006d0900000| Untracked 
| 236|0x00000006d0a00000, 0x00000006d0a00000, 0x00000006d0b00000|  0%| F|  |TAMS 0x00000006d0a00000, 0x00000006d0a00000| Untracked 
| 237|0x00000006d0b00000, 0x00000006d0b00000, 0x00000006d0c00000|  0%| F|  |TAMS 0x00000006d0b00000, 0x00000006d0b00000| Untracked 
| 238|0x00000006d0c00000, 0x00000006d0c00000, 0x00000006d0d00000|  0%| F|  |TAMS 0x00000006d0c00000, 0x00000006d0c00000| Untracked 
| 239|0x00000006d0d00000, 0x00000006d0e00000, 0x00000006d0e00000|100%| E|  |TAMS 0x00000006d0d00000, 0x00000006d0d00000| Complete 
| 240|0x00000006d0e00000, 0x00000006d0f00000, 0x00000006d0f00000|100%| E|CS|TAMS 0x00000006d0e00000, 0x00000006d0e00000| Complete 
| 241|0x00000006d0f00000, 0x00000006d1000000, 0x00000006d1000000|100%| E|CS|TAMS 0x00000006d0f00000, 0x00000006d0f00000| Complete 
| 242|0x00000006d1000000, 0x00000006d1100000, 0x00000006d1100000|100%| E|CS|TAMS 0x00000006d1000000, 0x00000006d1000000| Complete 
| 243|0x00000006d1100000, 0x00000006d1200000, 0x00000006d1200000|100%| E|CS|TAMS 0x00000006d1100000, 0x00000006d1100000| Complete 
| 244|0x00000006d1200000, 0x00000006d1300000, 0x00000006d1300000|100%| E|CS|TAMS 0x00000006d1200000, 0x00000006d1200000| Complete 
| 245|0x00000006d1300000, 0x00000006d1400000, 0x00000006d1400000|100%| E|CS|TAMS 0x00000006d1300000, 0x00000006d1300000| Complete 
| 246|0x00000006d1400000, 0x00000006d1500000, 0x00000006d1500000|100%| E|CS|TAMS 0x00000006d1400000, 0x00000006d1400000| Complete 
| 247|0x00000006d1500000, 0x00000006d1600000, 0x00000006d1600000|100%| E|CS|TAMS 0x00000006d1500000, 0x00000006d1500000| Complete 
| 248|0x00000006d1600000, 0x00000006d1700000, 0x00000006d1700000|100%| E|CS|TAMS 0x00000006d1600000, 0x00000006d1600000| Complete 
| 249|0x00000006d1700000, 0x00000006d1800000, 0x00000006d1800000|100%| E|CS|TAMS 0x00000006d1700000, 0x00000006d1700000| Complete 
| 250|0x00000006d1800000, 0x00000006d1900000, 0x00000006d1900000|100%| E|CS|TAMS 0x00000006d1800000, 0x00000006d1800000| Complete 
| 251|0x00000006d1900000, 0x00000006d1a00000, 0x00000006d1a00000|100%| E|CS|TAMS 0x00000006d1900000, 0x00000006d1900000| Complete 
| 252|0x00000006d1a00000, 0x00000006d1b00000, 0x00000006d1b00000|100%| E|CS|TAMS 0x00000006d1a00000, 0x00000006d1a00000| Complete 
| 253|0x00000006d1b00000, 0x00000006d1c00000, 0x00000006d1c00000|100%| E|CS|TAMS 0x00000006d1b00000, 0x00000006d1b00000| Complete 
| 254|0x00000006d1c00000, 0x00000006d1d00000, 0x00000006d1d00000|100%| E|CS|TAMS 0x00000006d1c00000, 0x00000006d1c00000| Complete 
| 255|0x00000006d1d00000, 0x00000006d1e00000, 0x00000006d1e00000|100%| E|CS|TAMS 0x00000006d1d00000, 0x00000006d1d00000| Complete 

Card table byte_map: [0x000000000ea90000,0x000000000f290000] _byte_map_base: 0x000000000b481000

Marking Bits (Prev, Next): (CMBitMap*) 0x0000000017ad5f00, (CMBitMap*) 0x0000000017ad5ec8
 Prev Bits: [0x0000000013a20000, 0x00000000179a8000)
 Next Bits: [0x000000000fa90000, 0x0000000013a18000)

Polling page: 0x0000000000230000

Metaspace:

Usage:
  Non-class:     54.20 MB capacity,    53.94 MB (>99%) used,   196.01 KB ( <1%) free+waste,    65.13 KB ( <1%) overhead. 
      Class:      7.95 MB capacity,     7.82 MB ( 98%) used,   113.93 KB (  1%) free+waste,    25.19 KB ( <1%) overhead. 
       Both:     62.15 MB capacity,    61.76 MB (>99%) used,   309.94 KB ( <1%) free+waste,    90.31 KB ( <1%) overhead. 

Virtual space:
  Non-class space:       56.00 MB reserved,      54.42 MB ( 97%) committed 
      Class space:        1.00 GB reserved,       7.99 MB ( <1%) committed 
             Both:        1.05 GB reserved,      62.41 MB (  6%) committed 

Chunk freelists:
   Non-Class:  12.25 KB
       Class:  1.88 KB
        Both:  14.13 KB

CodeCache: size=49152Kb used=635Kb max_used=635Kb free=48517Kb
 bounds [0x000000000a890000, 0x000000000ab00000, 0x000000000d890000]
 total_blobs=615 nmethods=0 adapters=563
 compilation: disabled (interpreter mode)
              stopped_count=0, restarted_count=0
 full_count=0

Compilation events (0 events):
No events

GC Heap History (10 events):
Event: 55.728 GC heap before
{Heap before GC invocations=1 (full 0):
 garbage-first heap   total 262144K, used 40863K [0x00000006c1e00000, 0x00000007c0000000)
  region size 1024K, 37 young (37888K), 3 survivors (3072K)
 Metaspace       used 21028K, capacity 21200K, committed 21248K, reserved 1069056K
  class space    used 2274K, capacity 2292K, committed 2304K, reserved 1048576K
}
Event: 55.731 GC heap after
{Heap after GC invocations=2 (full 0):
 garbage-first heap   total 262144K, used 7989K [0x00000006c1e00000, 0x00000007c0000000)
  region size 1024K, 4 young (4096K), 4 survivors (4096K)
 Metaspace       used 21028K, capacity 21200K, committed 21248K, reserved 1069056K
  class space    used 2274K, capacity 2292K, committed 2304K, reserved 1048576K
}
Event: 93.722 GC heap before
{Heap before GC invocations=3 (full 0):
 garbage-first heap   total 262144K, used 49973K [0x00000006c1e00000, 0x00000007c0000000)
  region size 1024K, 45 young (46080K), 4 survivors (4096K)
 Metaspace       used 27834K, capacity 28187K, committed 28544K, reserved 1075200K
  class space    used 3226K, capacity 3345K, committed 3456K, reserved 1048576K
}
Event: 93.726 GC heap after
{Heap after GC invocations=4 (full 0):
 garbage-first heap   total 262144K, used 10288K [0x00000006c1e00000, 0x00000007c0000000)
  region size 1024K, 3 young (3072K), 3 survivors (3072K)
 Metaspace       used 27834K, capacity 28187K, committed 28544K, reserved 1075200K
  class space    used 3226K, capacity 3345K, committed 3456K, reserved 1048576K
}
Event: 151.789 GC heap before
{Heap before GC invocations=4 (full 0):
 garbage-first heap   total 262144K, used 68656K [0x00000006c1e00000, 0x00000007c0000000)
  region size 1024K, 61 young (62464K), 3 survivors (3072K)
 Metaspace       used 35248K, capacity 35483K, committed 35628K, reserved 1081344K
  class space    used 4312K, capacity 4433K, committed 4480K, reserved 1048576K
}
Event: 151.794 GC heap after
{Heap after GC invocations=5 (full 0):
 garbage-first heap   total 262144K, used 11915K [0x00000006c1e00000, 0x00000007c0000000)
  region size 1024K, 5 young (5120K), 5 survivors (5120K)
 Metaspace       used 35248K, capacity 35483K, committed 35628K, reserved 1081344K
  class space    used 4312K, capacity 4433K, committed 4480K, reserved 1048576K
}
Event: 224.703 GC heap before
{Heap before GC invocations=6 (full 0):
 garbage-first heap   total 262144K, used 106123K [0x00000006c1e00000, 0x00000007c0000000)
  region size 1024K, 97 young (99328K), 5 survivors (5120K)
 Metaspace       used 51573K, capacity 51867K, committed 52012K, reserved 1095680K
  class space    used 6344K, capacity 6481K, committed 6528K, reserved 1048576K
}
Event: 224.709 GC heap after
{Heap after GC invocations=7 (full 0):
 garbage-first heap   total 262144K, used 14563K [0x00000006c1e00000, 0x00000007c0000000)
  region size 1024K, 7 young (7168K), 7 survivors (7168K)
 Metaspace       used 51573K, capacity 51867K, committed 52012K, reserved 1095680K
  class space    used 6344K, capacity 6481K, committed 6528K, reserved 1048576K
}
Event: 281.257 GC heap before
{Heap before GC invocations=7 (full 0):
 garbage-first heap   total 262144K, used 71907K [0x00000006c1e00000, 0x00000007c0000000)
  region size 1024K, 64 young (65536K), 7 survivors (7168K)
 Metaspace       used 59302K, capacity 59611K, committed 59808K, reserved 1101824K
  class space    used 7436K, capacity 7569K, committed 7668K, reserved 1048576K
}
Event: 281.265 GC heap after
{Heap after GC invocations=8 (full 0):
 garbage-first heap   total 262144K, used 15806K [0x00000006c1e00000, 0x00000007c0000000)
  region size 1024K, 9 young (9216K), 9 survivors (9216K)
 Metaspace       used 59302K, capacity 59611K, committed 59808K, reserved 1101824K
  class space    used 7436K, capacity 7569K, committed 7668K, reserved 1048576K
}

Deoptimization events (0 events):
No events

Classes redefined (0 events):
No events

Internal exceptions (10 events):
Event: 285.306 Thread 0x00000000003b5310 Exception <a 'java/lang/ClassNotFoundException'{0x00000006d1809138}> (0x00000006d1809138) thrown at [c:/cygwin64/tmp/openjdk-jdk11u-windows-x64-hotspot/workspace/build/src/src/hotspot/share/classfile/classListParser.cpp, line 377]
Event: 285.340 Thread 0x00000000003b5310 Exception <a 'java/lang/ClassNotFoundException'{0x00000006d18230d0}> (0x00000006d18230d0) thrown at [c:/cygwin64/tmp/openjdk-jdk11u-windows-x64-hotspot/workspace/build/src/src/hotspot/share/classfile/classListParser.cpp, line 377]
Event: 285.569 Thread 0x00000000003b5310 Exception <a 'java/lang/ClassNotFoundException'{0x00000006d18a4a50}> (0x00000006d18a4a50) thrown at [c:/cygwin64/tmp/openjdk-jdk11u-windows-x64-hotspot/workspace/build/src/src/hotspot/share/classfile/classListParser.cpp, line 377]
Event: 287.767 Thread 0x00000000003b5310 Exception <a 'java/lang/NoClassDefFoundError'{0x00000006d15e9b20}: io/undertow/server/HttpHandler> (0x00000006d15e9b20) thrown at [c:/cygwin64/tmp/openjdk-jdk11u-windows-x64-hotspot/workspace/build/src/src/hotspot/share/classfile/systemDictionary.cpp, lin
Event: 288.678 Thread 0x00000000003b5310 Exception <a 'java/lang/ClassNotFoundException'{0x00000006d14f9c08}> (0x00000006d14f9c08) thrown at [c:/cygwin64/tmp/openjdk-jdk11u-windows-x64-hotspot/workspace/build/src/src/hotspot/share/classfile/classListParser.cpp, line 377]
Event: 288.960 Thread 0x00000000003b5310 Exception <a 'java/lang/ClassNotFoundException'{0x00000006d1338a48}> (0x00000006d1338a48) thrown at [c:/cygwin64/tmp/openjdk-jdk11u-windows-x64-hotspot/workspace/build/src/src/hotspot/share/classfile/classListParser.cpp, line 377]
Event: 293.750 Thread 0x00000000003b5310 Exception <a 'java/lang/NoClassDefFoundError'{0x00000006d10ef080}: Class org.springframework.aop.aspectj.AbstractAspectJAdvice, or one of its supertypes, failed class initialization> (0x00000006d10ef080) thrown at [c:/cygwin64/tmp/openjdk-jdk11u-windows-x
Event: 293.751 Thread 0x00000000003b5310 Exception <a 'java/lang/NoClassDefFoundError'{0x00000006d10ef3f0}: Class org.springframework.aop.aspectj.AbstractAspectJAdvice, or one of its supertypes, failed class initialization> (0x00000006d10ef3f0) thrown at [c:/cygwin64/tmp/openjdk-jdk11u-windows-x
Event: 293.752 Thread 0x00000000003b5310 Exception <a 'java/lang/NoClassDefFoundError'{0x00000006d10f7760}: org/springframework/retry/backoff/BackOffPolicy> (0x00000006d10f7760) thrown at [c:/cygwin64/tmp/openjdk-jdk11u-windows-x64-hotspot/workspace/build/src/src/hotspot/share/classfile/systemDi
Event: 298.116 Thread 0x00000000003b5310 Exception <a 'java/lang/NoClassDefFoundError'{0x00000006d0def9c8}: org/apache/tiles/request/Request> (0x00000006d0def9c8) thrown at [c:/cygwin64/tmp/openjdk-jdk11u-windows-x64-hotspot/workspace/build/src/src/hotspot/share/classfile/systemDictionary.cpp, l

Events (10 events):
Event: 298.094 loading class com/google/common/collect/RegularImmutableMultiset$ElementSet done
Event: 298.100 loading class com/google/common/collect/RegularImmutableBiMap$Inverse$InverseEntrySet
Event: 298.100 loading class com/google/common/collect/RegularImmutableBiMap$Inverse$InverseEntrySet done
Event: 298.108 loading class com/google/common/collect/RegularImmutableBiMap$Inverse$InverseEntrySet$1
Event: 298.108 loading class com/google/common/collect/RegularImmutableBiMap$Inverse$InverseEntrySet$1 done
Event: 298.115 loading class org/apache/tiles/request/Request
Event: 298.115 loading class org/apache/tiles/request/Request done
Event: 298.118 loading class org/joda/time/field/ImpreciseDateTimeField$LinkedDurationField
Event: 298.118 loading class org/joda/time/field/ImpreciseDateTimeField$LinkedDurationField done
Event: 298.193 Executing VM operation: PopulateDumpSharedSpace


Dynamic libraries:
0x000000013fc30000 - 0x000000013fc6c000 	E:\Projects\upc2\upc2-infra\tools\jdk-micros-win\bin\java.exe
0x0000000077060000 - 0x00000000771ff000 	C:\WINDOWS\SYSTEM32\ntdll.dll
0x0000000076e40000 - 0x0000000076f5f000 	C:\WINDOWS\system32\kernel32.dll
0x000007fefcd60000 - 0x000007fefcdca000 	C:\WINDOWS\system32\KERNELBASE.dll
0x0000000076f60000 - 0x000000007705a000 	C:\WINDOWS\system32\USER32.dll
0x000007fefdce0000 - 0x000007fefdd47000 	C:\WINDOWS\system32\GDI32.dll
0x000007fefd5a0000 - 0x000007fefd5ae000 	C:\WINDOWS\system32\LPK.dll
0x000007fefeb80000 - 0x000007fefec4b000 	C:\WINDOWS\system32\USP10.dll
0x000007fefee60000 - 0x000007fefeeff000 	C:\WINDOWS\system32\msvcrt.dll
0x000007fefb200000 - 0x000007fefb3f4000 	C:\WINDOWS\WinSxS\amd64_microsoft.windows.common-controls_6595b64144ccf1df_6.0.7601.18837_none_fa3b1e3d17594757\COMCTL32.dll
0x000007fefd520000 - 0x000007fefd591000 	C:\WINDOWS\system32\SHLWAPI.dll
0x000007fefd7c0000 - 0x000007fefd7ee000 	C:\WINDOWS\system32\IMM32.DLL
0x000007fefd5b0000 - 0x000007fefd6b9000 	C:\WINDOWS\system32\MSCTF.dll
0x000007fecec00000 - 0x000007fececef000 	E:\Projects\upc2\upc2-infra\tools\jdk-micros-win\bin\msvcr120.dll
0x000007feced30000 - 0x000007fecedd6000 	E:\Projects\upc2\upc2-infra\tools\jdk-micros-win\bin\msvcp120.dll
0x000007fec0020000 - 0x000007fec0add000 	E:\Projects\upc2\upc2-infra\tools\jdk-micros-win\bin\server\jvm.dll
0x000007fefec50000 - 0x000007fefed2b000 	C:\WINDOWS\system32\ADVAPI32.dll
0x000007fefd790000 - 0x000007fefd7af000 	C:\WINDOWS\SYSTEM32\sechost.dll
0x000007fefed30000 - 0x000007fefee5d000 	C:\WINDOWS\system32\RPCRT4.dll
0x000007fef61f0000 - 0x000007fef61f9000 	C:\WINDOWS\system32\WSOCK32.dll
0x000007fefd740000 - 0x000007fefd78d000 	C:\WINDOWS\system32\WS2_32.dll
0x000007fefd7b0000 - 0x000007fefd7b8000 	C:\WINDOWS\system32\NSI.dll
0x000007fefa9a0000 - 0x000007fefa9db000 	C:\WINDOWS\system32\WINMM.dll
0x000007fefbc80000 - 0x000007fefbc8c000 	C:\WINDOWS\system32\VERSION.dll
0x0000000077200000 - 0x0000000077207000 	C:\WINDOWS\system32\PSAPI.DLL
0x000007fef7a20000 - 0x000007fef7a2f000 	E:\Projects\upc2\upc2-infra\tools\jdk-micros-win\bin\verify.dll
0x000007feed7f0000 - 0x000007feed915000 	C:\WINDOWS\system32\DBGHELP.DLL
0x000007feeddb0000 - 0x000007feeddd6000 	E:\Projects\upc2\upc2-infra\tools\jdk-micros-win\bin\java.dll
0x000007feedd90000 - 0x000007feedda6000 	E:\Projects\upc2\upc2-infra\tools\jdk-micros-win\bin\zip.dll
0x000007fef9f90000 - 0x000007fef9f9a000 	E:\Projects\upc2\upc2-infra\tools\jdk-micros-win\bin\jimage.dll
0x000007fefdd50000 - 0x000007fefeada000 	C:\WINDOWS\system32\SHELL32.dll
0x000007fefd810000 - 0x000007fefda0f000 	C:\WINDOWS\system32\ole32.dll
0x000007fefcbb0000 - 0x000007fefcbbf000 	C:\WINDOWS\system32\profapi.dll
0x000007feed480000 - 0x000007feed498000 	E:\Projects\upc2\upc2-infra\tools\jdk-micros-win\bin\net.dll
0x000007fef8b90000 - 0x000007fef8c01000 	C:\WINDOWS\system32\WINHTTP.dll
0x000007fef8b20000 - 0x000007fef8b85000 	C:\WINDOWS\system32\webio.dll
0x000007feff1c0000 - 0x000007feff348000 	C:\WINDOWS\system32\urlmon.dll
0x000007fefcec0000 - 0x000007fefcec4000 	C:\WINDOWS\system32\api-ms-win-downlevel-ole32-l1-1-0.dll
0x000007fefcf10000 - 0x000007fefcf14000 	C:\WINDOWS\system32\api-ms-win-downlevel-shlwapi-l1-1-0.dll
0x000007fefcf20000 - 0x000007fefcf25000 	C:\WINDOWS\system32\api-ms-win-downlevel-advapi32-l1-1-0.dll
0x000007fefce10000 - 0x000007fefce14000 	C:\WINDOWS\system32\api-ms-win-downlevel-user32-l1-1-0.dll
0x000007fefcf30000 - 0x000007fefcf34000 	C:\WINDOWS\system32\api-ms-win-downlevel-version-l1-1-0.dll
0x000007fefcf40000 - 0x000007fefcf43000 	C:\WINDOWS\system32\api-ms-win-downlevel-normaliz-l1-1-0.dll
0x0000000077210000 - 0x0000000077213000 	C:\WINDOWS\system32\normaliz.DLL
0x000007fefda10000 - 0x000007fefdcda000 	C:\WINDOWS\system32\iertutil.dll
0x000007fefd070000 - 0x000007fefd51c000 	C:\WINDOWS\system32\WININET.dll
0x000007fefcf50000 - 0x000007fefcf6e000 	C:\WINDOWS\system32\USERENV.dll
0x000007fefc330000 - 0x000007fefc385000 	C:\WINDOWS\system32\mswsock.dll
0x000007fefc320000 - 0x000007fefc327000 	C:\WINDOWS\System32\wship6.dll
0x000007feda670000 - 0x000007feda681000 	E:\Projects\upc2\upc2-infra\tools\jdk-micros-win\bin\nio.dll
0x000007fefbd50000 - 0x000007fefbd57000 	C:\WINDOWS\System32\wshtcpip.dll
0x000007fefc1b0000 - 0x000007fefc20b000 	C:\WINDOWS\system32\DNSAPI.dll
0x000007fefa2c0000 - 0x000007fefa2e7000 	C:\WINDOWS\system32\IPHLPAPI.DLL
0x000007fefa2b0000 - 0x000007fefa2bb000 	C:\WINDOWS\system32\WINNSI.DLL
0x000007fef8fb0000 - 0x000007fef8fb8000 	C:\WINDOWS\system32\rasadhlp.dll
0x000007fef9a40000 - 0x000007fef9a93000 	C:\WINDOWS\System32\fwpuclnt.dll
0x000007fefa130000 - 0x000007fefa139000 	E:\Projects\upc2\upc2-infra\tools\jdk-micros-win\bin\management.dll
0x000007fef9fe0000 - 0x000007fef9fea000 	E:\Projects\upc2\upc2-infra\tools\jdk-micros-win\bin\management_ext.dll
0x000007fefc390000 - 0x000007fefc3a8000 	C:\WINDOWS\system32\CRYPTSP.dll
0x000007fefc090000 - 0x000007fefc0d7000 	C:\WINDOWS\system32\rsaenh.dll
0x000007fefca50000 - 0x000007fefca5f000 	C:\WINDOWS\system32\CRYPTBASE.dll
0x000007fef99c0000 - 0x000007fef99d1000 	C:\WINDOWS\system32\dhcpcsvc6.DLL
0x000007fef99a0000 - 0x000007fef99b8000 	C:\WINDOWS\system32\dhcpcsvc.DLL
0x000007fefa910000 - 0x000007fefa925000 	C:\WINDOWS\system32\NLAapi.dll
0x000007fef88c0000 - 0x000007fef88d5000 	C:\WINDOWS\system32\napinsp.dll
0x000007fef88a0000 - 0x000007fef88b9000 	C:\WINDOWS\system32\pnrpnsp.dll
0x000007fef8890000 - 0x000007fef889b000 	C:\WINDOWS\System32\winrnr.dll

dbghelp: loaded successfully - version: 4.0.5 - missing functions: none
symbol engine: initialized successfully - sym options: 0x614 - pdb path: .;E:\Projects\upc2\upc2-infra\tools\jdk-micros-win\bin;C:\WINDOWS\SYSTEM32;C:\WINDOWS\WinSxS\amd64_microsoft.windows.common-controls_6595b64144ccf1df_6.0.7601.18837_none_fa3b1e3d17594757;E:\Projects\upc2\upc2-infra\tools\jdk-micros-win\bin\server

VM Arguments:
jvm_args: -Xshare:dump -XX:SharedClassListFile=classes.list -XX:SharedArchiveFile=classes.jsa 
java_command: ftc.pc.soa.proxy.restorun.Restorun
java_class_path (initial): C:\Users\plizga\.gradle\caches\modules-2\files-2.1\org.springframework.cloud\spring-cloud-starter-netflix-zuul\2.1.0.RELEASE\619cfaa2beee31e24ae04a1ec8afe7db97c8fc8\spring-cloud-starter-netflix-zuul-2.1.0.RELEASE.jar;C:\Users\plizga\.gradle\caches\modules-2\files-2.1\org.springframework.cloud\spring-cloud-starter-netflix-hystrix-dashboard\2.1.0.RELEASE\aceab9216fdb6eb857314108a088e3c71bce81f9\spring-cloud-starter-netflix-hystrix-dashboard-2.1.0.RELEASE.jar;C:\Users\plizga\.gradle\caches\modules-2\files-2.1\commons-net\commons-net\3.6\b71de00508dcb078d2b24b5fa7e538636de9b3da\commons-net-3.6.jar;C:\Users\plizga\.gradle\caches\modules-2\files-2.1\io.springfox\springfox-swagger2\2.7.0\dd28b7ce26af1209d6ef19f5f24a8c23b41ca6fc\springfox-swagger2-2.7.0.jar;C:\Users\plizga\.gradle\caches\modules-2\files-2.1\io.springfox\springfox-bean-validators\2.7.0\39c85faacd5a2a1ab7c66ba5914bed35948cce1d\springfox-bean-validators-2.7.0.jar;C:\Users\plizga\.gradle\caches\modules-2\files-2.1\io.springfox\springfox-swagger-common\2.7.0\5a632aecc733753887f90592382fa271e546062a\springfox-swagger-common-2.7.0.jar;C:\Users\plizga\.gradle\caches\modules-2\files-2.1\io.springfox\springfox-swagger-ui\2.7.0\92608eb6c2056810b4e3189196b4e8cce645d6de\springfox-swagger-ui-2.7.0.jar;C:\Users\plizga\.gradle\caches\modules-2\files-2.1\io.springfox\springfox-spring-web\2.7.0\a54be5572b6b5210f6892e13d6b136dde5e96bf6\springfox-spring-web-2.7.0.jar;C:\Users\plizga\.gradle\caches\modules-2\files-2.1\org.springframework.cloud\spring-cloud-netflix-zuul\2.1.0.RELEASE\92a1594bb391517ff4f84429a89b73907ebe9781\spring-cloud-netflix-zuul-2.1.0.RELEASE.jar;C:\Users\plizga\.gradle\caches\modules-2\files-2.1\org.springframework.cloud\spring-cloud-starter-netflix-hystrix\2.1.0.RELEASE\1123029b188ffadaaf67b2f9cf4a8109df2af01\spring-cloud-starter-netflix-hystrix-2.1.0.RELEASE.jar;C:\Users\plizga\.gradle\caches\modules-2\files-2.1\com.netflix.hystrix\hystrix-javanica\1.5.18\375bcf25f9a6ee3427201
Launcher Type: SUN_STANDARD

[Global flags]
     uint ConcGCThreads                            = 2                                         {product} {ergonomic}
     bool DumpSharedSpaces                         = true                                      {product} {command line}
     uint G1ConcRefinementThreads                  = 8                                         {product} {ergonomic}
   size_t G1HeapRegionSize                         = 1048576                                   {product} {ergonomic}
    uintx GCDrainStackTargetSize                   = 64                                        {product} {ergonomic}
   size_t InitialHeapSize                          = 268435456                                 {product} {ergonomic}
   size_t MarkStackSize                            = 4194304                                   {product} {ergonomic}
   size_t MaxHeapSize                              = 4263510016                                {product} {ergonomic}
   size_t MaxNewSize                               = 2557476864                                {product} {ergonomic}
   size_t MinHeapDeltaBytes                        = 1048576                                   {product} {ergonomic}
    uintx NonProfiledCodeHeapSize                  = 0                                      {pd product} {ergonomic}
     bool ProfileInterpreter                       = false                                  {pd product} {command line}
    uintx ProfiledCodeHeapSize                     = 0                                      {pd product} {ergonomic}
    ccstr SharedArchiveFile                        = classes.jsa                               {product} {command line}
    ccstr SharedClassListFile                      = classes.list                              {product} {command line}
     bool TieredCompilation                        = false                                  {pd product} {command line}
     bool UseCompressedClassPointers               = true                                 {lp64_product} {ergonomic}
     bool UseCompressedOops                        = true                                 {lp64_product} {ergonomic}
     bool UseG1GC                                  = true                                      {product} {ergonomic}
     bool UseLargePagesInMetaspace                 = false                                     {product} {ergonomic}
     bool UseLargePagesIndividualAllocation        = false                                  {pd product} {ergonomic}

Logging:
Log output configuration:
 #0: stdout all=warning uptime,level,tags
 #1: stderr all=off uptime,level,tags

Environment Variables:
JAVA_HOME=e:\Dist\jdk1.8.0_92_patched
PATH=C:\Python27\;C:\Python27\Scripts;C:\WINDOWS\system32;C:\WINDOWS;C:\WINDOWS\System32\Wbem;C:\WINDOWS\System32\WindowsPowerShell\v1.0\;C:\Program Files\Git-2.13.3\cmd;C:\Program Files\Git-2.13.3\mingw64\bin;C:\Program Files\Git-2.13.3\usr\bin;C:\Program Files\Gpg4win\pub;C:\Program Files\TortoiseSVN\bin;C:\Program Files (x86)\GitExtensions\;C:\Program Files\SlikSvn\bin;C:\Program Files\Aladdin\eToken\PKIClient\x32;C:\Program Files\Aladdin\eToken\PKIClient\x64;C:\Program Files\nodejs\;E:\Dist\helm;E:\Dist\kubectl;C:\Program Files (x86)\CVSNT\;E:\Projects\upc2\upc2-infra\tools\gradle-micros\bin;E:\Dist\apache-maven-3.0.4\bin;E:\Issues\Testing\incubator\analog\tail\win;E:\Dist\jdk-11.0.1+13-win64\bin
USERNAME=plizga
OS=Windows_NT
PROCESSOR_IDENTIFIER=Intel64 Family 6 Model 58 Stepping 9, GenuineIntel



---------------  S Y S T E M  ---------------

OS: Windows 7 , 64 bit Build 7601 (6.1.7601.24354)

CPU:total 8 (initial active 8) (4 cores per cpu, 2 threads per core) family 6 model 58 stepping 9, cmov, cx8, fxsr, mmx, sse, sse2, sse3, ssse3, sse4.1, sse4.2, popcnt, avx, aes, clmul, erms, ht, tsc, tscinvbit, tscinv

Memory: 4k page, system-wide physical 16257M (1176M free)
TotalPageFile size 32512M (AvailPageFile size 15735M)
current process WorkingSet (physical memory assigned to process): 281M, peak: 281M
current process commit charge ("private bytes"): 488M, peak: 488M

vm_info: OpenJDK 64-Bit Server VM (11.0.2+9) for windows-amd64 JRE (11.0.2+9), built on Jan 28 2019 10:43:15 by "" with MS VC++ 12.0 (VS2013)

END.
