[0.022s][info][class,load] opened: /usr/lib/jvm/java-11-openjdk-amd64/lib/modules
[0.067s][info][class,load] java.lang.Object source: shared objects file
[0.067s][info][class,load] java.io.Serializable source: shared objects file
[0.067s][info][class,load] java.lang.Comparable source: shared objects file
[0.067s][info][class,load] java.lang.CharSequence source: shared objects file
[0.067s][info][class,load] java.lang.String source: shared objects file
[0.067s][info][class,load] java.lang.reflect.AnnotatedElement source: shared objects file
[0.067s][info][class,load] java.lang.reflect.GenericDeclaration source: shared objects file
[0.069s][info][class,load] java.lang.reflect.Type source: shared objects file
[0.069s][info][class,load] java.lang.Class source: shared objects file
[0.070s][info][class,load] java.lang.Cloneable source: shared objects file
[0.070s][info][class,load] java.lang.ClassLoader source: shared objects file
[0.070s][info][class,load] java.lang.System source: shared objects file
[0.070s][info][class,load] java.lang.Throwable source: shared objects file
[0.070s][info][class,load] java.lang.Error source: shared objects file
[0.070s][info][class,load] java.lang.ThreadDeath source: shared objects file
[0.070s][info][class,load] java.lang.Exception source: shared objects file
[0.070s][info][class,load] java.lang.RuntimeException source: shared objects file
[0.070s][info][class,load] java.lang.SecurityManager source: shared objects file
[0.070s][info][class,load] java.security.ProtectionDomain source: shared objects file
[0.070s][info][class,load] java.security.AccessControlContext source: shared objects file
[0.070s][info][class,load] java.security.SecureClassLoader source: shared objects file
[0.070s][info][class,load] java.lang.ReflectiveOperationException source: shared objects file
[0.070s][info][class,load] java.lang.ClassNotFoundException source: shared objects file
[0.070s][info][class,load] java.lang.LinkageError source: shared objects file
[0.070s][info][class,load] java.lang.NoClassDefFoundError source: shared objects file
[0.070s][info][class,load] java.lang.ClassCastException source: shared objects file
[0.070s][info][class,load] java.lang.ArrayStoreException source: shared objects file
[0.070s][info][class,load] java.lang.VirtualMachineError source: shared objects file
[0.070s][info][class,load] java.lang.OutOfMemoryError source: shared objects file
[0.070s][info][class,load] java.lang.StackOverflowError source: shared objects file
[0.070s][info][class,load] java.lang.IllegalMonitorStateException source: shared objects file
[0.070s][info][class,load] java.lang.ref.Reference source: shared objects file
[0.070s][info][class,load] java.lang.ref.SoftReference source: shared objects file
[0.070s][info][class,load] java.lang.ref.WeakReference source: shared objects file
[0.071s][info][class,load] java.lang.ref.FinalReference source: shared objects file
[0.071s][info][class,load] java.lang.ref.PhantomReference source: shared objects file
[0.071s][info][class,load] java.lang.ref.Finalizer source: shared objects file
[0.071s][info][class,load] java.lang.Runnable source: shared objects file
[0.071s][info][class,load] java.lang.Thread source: shared objects file
[0.071s][info][class,load] java.lang.Thread$UncaughtExceptionHandler source: shared objects file
[0.071s][info][class,load] java.lang.ThreadGroup source: shared objects file
[0.071s][info][class,load] java.util.Dictionary source: shared objects file
[0.071s][info][class,load] java.util.Map source: shared objects file
[0.071s][info][class,load] java.util.Hashtable source: shared objects file
[0.071s][info][class,load] java.util.Properties source: shared objects file
[0.071s][info][class,load] java.lang.Module source: shared objects file
[0.071s][info][class,load] java.lang.reflect.AccessibleObject source: shared objects file
[0.071s][info][class,load] java.lang.reflect.Member source: shared objects file
[0.071s][info][class,load] java.lang.reflect.Field source: shared objects file
[0.071s][info][class,load] java.lang.reflect.Parameter source: shared objects file
[0.071s][info][class,load] java.lang.reflect.Executable source: shared objects file
[0.071s][info][class,load] java.lang.reflect.Method source: shared objects file
[0.071s][info][class,load] java.lang.reflect.Constructor source: shared objects file
[0.071s][info][class,load] jdk.internal.reflect.MagicAccessorImpl source: shared objects file
[0.071s][info][class,load] jdk.internal.reflect.MethodAccessor source: shared objects file
[0.071s][info][class,load] jdk.internal.reflect.MethodAccessorImpl source: shared objects file
[0.072s][info][class,load] jdk.internal.reflect.ConstructorAccessor source: shared objects file
[0.072s][info][class,load] jdk.internal.reflect.ConstructorAccessorImpl source: shared objects file
[0.072s][info][class,load] jdk.internal.reflect.DelegatingClassLoader source: shared objects file
[0.072s][info][class,load] jdk.internal.reflect.ConstantPool source: shared objects file
[0.072s][info][class,load] jdk.internal.reflect.FieldAccessor source: shared objects file
[0.072s][info][class,load] jdk.internal.reflect.FieldAccessorImpl source: shared objects file
[0.072s][info][class,load] jdk.internal.reflect.UnsafeFieldAccessorImpl source: shared objects file
[0.072s][info][class,load] jdk.internal.reflect.UnsafeStaticFieldAccessorImpl source: shared objects file
[0.072s][info][class,load] java.lang.annotation.Annotation source: shared objects file
[0.072s][info][class,load] jdk.internal.reflect.CallerSensitive source: shared objects file
[0.072s][info][class,load] java.lang.invoke.MethodHandle source: shared objects file
[0.072s][info][class,load] java.lang.invoke.DirectMethodHandle source: shared objects file
[0.072s][info][class,load] java.lang.invoke.VarHandle source: shared objects file
[0.072s][info][class,load] java.lang.invoke.MemberName source: shared objects file
[0.072s][info][class,load] java.lang.invoke.ResolvedMethodName source: shared objects file
[0.072s][info][class,load] java.lang.invoke.MethodHandleNatives source: shared objects file
[0.072s][info][class,load] java.lang.invoke.LambdaForm source: shared objects file
[0.072s][info][class,load] java.lang.invoke.MethodType source: shared objects file
[0.072s][info][class,load] java.lang.BootstrapMethodError source: shared objects file
[0.072s][info][class,load] java.lang.invoke.CallSite source: shared objects file
[0.072s][info][class,load] java.lang.invoke.MethodHandleNatives$CallSiteContext source: shared objects file
[0.072s][info][class,load] java.lang.invoke.ConstantCallSite source: shared objects file
[0.072s][info][class,load] java.lang.invoke.MutableCallSite source: shared objects file
[0.072s][info][class,load] java.lang.invoke.VolatileCallSite source: shared objects file
[0.072s][info][class,load] java.lang.AssertionStatusDirectives source: shared objects file
[0.072s][info][class,load] java.lang.Appendable source: shared objects file
[0.072s][info][class,load] java.lang.AbstractStringBuilder source: shared objects file
[0.072s][info][class,load] java.lang.StringBuffer source: shared objects file
[0.072s][info][class,load] java.lang.StringBuilder source: shared objects file
[0.073s][info][class,load] jdk.internal.misc.Unsafe source: shared objects file
[0.073s][info][class,load] jdk.internal.module.Modules source: shared objects file
[0.073s][info][class,load] java.lang.AutoCloseable source: shared objects file
[0.073s][info][class,load] java.io.Closeable source: shared objects file
[0.073s][info][class,load] java.io.InputStream source: shared objects file
[0.073s][info][class,load] java.io.ByteArrayInputStream source: shared objects file
[0.073s][info][class,load] java.net.URL source: shared objects file
[0.073s][info][class,load] java.util.jar.Manifest source: shared objects file
[0.073s][info][class,load] jdk.internal.loader.ClassLoaders source: shared objects file
[0.073s][info][class,load] jdk.internal.loader.BuiltinClassLoader source: shared objects file
[0.073s][info][class,load] jdk.internal.loader.ClassLoaders$AppClassLoader source: shared objects file
[0.073s][info][class,load] jdk.internal.loader.ClassLoaders$PlatformClassLoader source: shared objects file
[0.073s][info][class,load] java.security.CodeSource source: shared objects file
[0.073s][info][class,load] java.lang.StackTraceElement source: shared objects file
[0.073s][info][class,load] java.nio.Buffer source: shared objects file
[0.073s][info][class,load] java.lang.StackWalker source: shared objects file
[0.073s][info][class,load] java.lang.StackStreamFactory$AbstractStackWalker source: shared objects file
[0.073s][info][class,load] java.lang.StackWalker$StackFrame source: shared objects file
[0.073s][info][class,load] java.lang.StackFrameInfo source: shared objects file
[0.073s][info][class,load] java.lang.LiveStackFrame source: shared objects file
[0.074s][info][class,load] java.lang.LiveStackFrameInfo source: shared objects file
[0.074s][info][class,load] java.util.concurrent.locks.AbstractOwnableSynchronizer source: shared objects file
[0.074s][info][class,load] java.lang.Boolean source: shared objects file
[0.074s][info][class,load] java.lang.Character source: shared objects file
[0.074s][info][class,load] java.lang.Number source: shared objects file
[0.074s][info][class,load] java.lang.Float source: shared objects file
[0.074s][info][class,load] java.lang.Double source: shared objects file
[0.074s][info][class,load] java.lang.Byte source: shared objects file
[0.074s][info][class,load] java.lang.Short source: shared objects file
[0.074s][info][class,load] java.lang.Integer source: shared objects file
[0.074s][info][class,load] java.lang.Long source: shared objects file
[0.074s][info][class,load] java.lang.NullPointerException source: shared objects file
[0.074s][info][class,load] java.lang.ArithmeticException source: shared objects file
[0.077s][info][class,load] java.io.ObjectStreamField source: shared objects file
[0.077s][info][class,load] java.util.Comparator source: shared objects file
[0.077s][info][class,load] java.lang.String$CaseInsensitiveComparator source: shared objects file
[0.077s][info][class,load] java.security.AccessController source: shared objects file
[0.077s][info][class,load] java.lang.Iterable source: shared objects file
[0.077s][info][class,load] java.util.Collection source: shared objects file
[0.077s][info][class,load] java.util.Set source: shared objects file
[0.077s][info][class,load] java.util.AbstractCollection source: shared objects file
[0.077s][info][class,load] java.util.ImmutableCollections$AbstractImmutableCollection source: shared objects file
[0.078s][info][class,load] java.util.ImmutableCollections$AbstractImmutableSet source: shared objects file
[0.078s][info][class,load] java.util.ImmutableCollections$Set12 source: shared objects file
[0.078s][info][class,load] java.util.Objects source: shared objects file
[0.078s][info][class,load] java.security.PrivilegedAction source: shared objects file
[0.078s][info][class,load] jdk.internal.reflect.ReflectionFactory$GetReflectionFactoryAction source: shared objects file
[0.078s][info][class,load] java.security.cert.Certificate source: shared objects file
[0.078s][info][class,load] java.util.AbstractSet source: shared objects file
[0.078s][info][class,load] java.util.HashSet source: shared objects file
[0.078s][info][class,load] java.util.AbstractMap source: shared objects file
[0.078s][info][class,load] java.util.HashMap source: shared objects file
[0.078s][info][class,load] java.util.concurrent.ConcurrentMap source: shared objects file
[0.078s][info][class,load] java.util.concurrent.ConcurrentHashMap source: shared objects file
[0.078s][info][class,load] java.lang.Runtime source: shared objects file
[0.078s][info][class,load] java.util.concurrent.locks.Lock source: shared objects file
[0.078s][info][class,load] java.util.concurrent.locks.ReentrantLock source: shared objects file
[0.078s][info][class,load] java.util.concurrent.ConcurrentHashMap$Segment source: shared objects file
[0.079s][info][class,load] java.util.concurrent.ConcurrentHashMap$CounterCell source: shared objects file
[0.079s][info][class,load] java.util.Map$Entry source: shared objects file
[0.079s][info][class,load] java.util.concurrent.ConcurrentHashMap$Node source: shared objects file
[0.079s][info][class,load] java.util.concurrent.locks.LockSupport source: shared objects file
[0.079s][info][class,load] java.util.concurrent.ConcurrentHashMap$ReservationNode source: shared objects file
[0.079s][info][class,load] jdk.internal.reflect.ReflectionFactory source: shared objects file
[0.079s][info][class,load] java.lang.ref.Reference$ReferenceHandler source: shared objects file
[0.079s][info][class,load] jdk.internal.ref.Cleaner source: shared objects file
[0.079s][info][class,load] java.lang.ref.ReferenceQueue source: shared objects file
[0.079s][info][class,load] java.lang.ref.ReferenceQueue$Null source: shared objects file
[0.079s][info][class,load] java.lang.ref.ReferenceQueue$Lock source: shared objects file
[0.080s][info][class,load] jdk.internal.misc.JavaLangRefAccess source: shared objects file
[0.080s][info][class,load] java.lang.ref.Reference$1 source: shared objects file
[0.080s][info][class,load] jdk.internal.misc.SharedSecrets source: shared objects file
[0.080s][info][class,load] java.lang.ref.Finalizer$FinalizerThread source: shared objects file
[0.081s][info][class,load] jdk.internal.misc.VM source: shared objects file
[0.088s][info][class,load] java.lang.StringLatin1 source: shared objects file
[0.088s][info][class,load] java.util.Properties$EntrySet source: shared objects file
[0.088s][info][class,load] java.util.concurrent.ConcurrentHashMap$CollectionView source: shared objects file
[0.088s][info][class,load] java.util.concurrent.ConcurrentHashMap$EntrySetView source: shared objects file
[0.089s][info][class,load] java.util.Collections source: shared objects file
[0.089s][info][class,load] java.util.Collections$EmptySet source: shared objects file
[0.089s][info][class,load] java.util.List source: shared objects file
[0.089s][info][class,load] java.util.AbstractList source: shared objects file
[0.089s][info][class,load] java.util.RandomAccess source: shared objects file
[0.089s][info][class,load] java.util.Collections$EmptyList source: shared objects file
[0.089s][info][class,load] java.util.Collections$EmptyMap source: shared objects file
[0.089s][info][class,load] java.util.Collections$SynchronizedCollection source: shared objects file
[0.089s][info][class,load] java.util.Collections$SynchronizedSet source: shared objects file
[0.089s][info][class,load] java.lang.reflect.Array source: shared objects file
[0.089s][info][class,load] java.util.concurrent.ConcurrentHashMap$Traverser source: shared objects file
[0.089s][info][class,load] java.util.concurrent.ConcurrentHashMap$BaseIterator source: shared objects file
[0.089s][info][class,load] java.util.Iterator source: shared objects file
[0.089s][info][class,load] java.util.concurrent.ConcurrentHashMap$EntryIterator source: shared objects file
[0.089s][info][class,load] java.util.concurrent.ConcurrentHashMap$MapEntry source: shared objects file
[0.089s][info][class,load] java.util.ImmutableCollections$AbstractImmutableMap source: shared objects file
[0.090s][info][class,load] java.util.ImmutableCollections$MapN source: shared objects file
[0.090s][info][class,load] java.lang.Math source: shared objects file
[0.090s][info][class,load] jdk.internal.util.StaticProperty source: shared objects file
[0.090s][info][class,load] java.lang.VersionProps source: shared objects file
[0.090s][info][class,load] java.io.FileInputStream source: shared objects file
[0.090s][info][class,load] java.io.FileDescriptor source: shared objects file
[0.090s][info][class,load] jdk.internal.misc.JavaIOFileDescriptorAccess source: shared objects file
[0.090s][info][class,load] java.io.FileDescriptor$1 source: shared objects file
[0.090s][info][class,load] java.io.Flushable source: shared objects file
[0.090s][info][class,load] java.io.OutputStream source: shared objects file
[0.090s][info][class,load] java.io.FileOutputStream source: shared objects file
[0.091s][info][class,load] java.io.FilterInputStream source: shared objects file
[0.091s][info][class,load] java.io.BufferedInputStream source: shared objects file
[0.091s][info][class,load] java.io.FilterOutputStream source: shared objects file
[0.091s][info][class,load] java.io.PrintStream source: shared objects file
[0.091s][info][class,load] java.io.BufferedOutputStream source: shared objects file
[0.091s][info][class,load] java.io.Writer source: shared objects file
[0.091s][info][class,load] java.io.OutputStreamWriter source: shared objects file
[0.091s][info][class,load] sun.nio.cs.StreamEncoder source: shared objects file
[0.091s][info][class,load] java.nio.charset.Charset source: shared objects file
[0.091s][info][class,load] java.nio.charset.spi.CharsetProvider source: shared objects file
[0.091s][info][class,load] sun.nio.cs.StandardCharsets source: shared objects file
[0.091s][info][class,load] java.lang.ThreadLocal source: shared objects file
[0.091s][info][class,load] java.util.concurrent.atomic.AtomicInteger source: shared objects file
[0.091s][info][class,load] sun.security.action.GetPropertyAction source: shared objects file
[0.091s][info][class,load] sun.nio.cs.HistoricallyNamedCharset source: shared objects file
[0.092s][info][class,load] sun.nio.cs.Unicode source: shared objects file
[0.092s][info][class,load] sun.nio.cs.UTF_8 source: shared objects file
[0.092s][info][class,load] java.nio.charset.CharsetEncoder source: shared objects file
[0.092s][info][class,load] sun.nio.cs.UTF_8$Encoder source: shared objects file
[0.092s][info][class,load] java.nio.charset.CodingErrorAction source: shared objects file
[0.092s][info][class,load] java.util.Arrays source: shared objects file
[0.092s][info][class,load] java.nio.ByteBuffer source: shared objects file
[0.092s][info][class,load] jdk.internal.misc.JavaNioAccess source: shared objects file
[0.092s][info][class,load] java.nio.Buffer$1 source: shared objects file
[0.092s][info][class,load] java.nio.HeapByteBuffer source: shared objects file
[0.092s][info][class,load] java.nio.ByteOrder source: shared objects file
[0.092s][info][class,load] java.io.BufferedWriter source: shared objects file
[0.092s][info][class,load] java.lang.Terminator source: shared objects file
[0.093s][info][class,load] jdk.internal.misc.Signal$Handler source: shared objects file
[0.093s][info][class,load] java.lang.Terminator$1 source: shared objects file
[0.093s][info][class,load] jdk.internal.misc.Signal source: shared objects file
[0.093s][info][class,load] java.util.Hashtable$Entry source: shared objects file
[0.093s][info][class,load] jdk.internal.misc.Signal$NativeHandler source: shared objects file
[0.093s][info][class,load] java.lang.Integer$IntegerCache source: shared objects file
[0.093s][info][class,load] jdk.internal.misc.OSEnvironment source: shared objects file
[0.093s][info][class,load] jdk.internal.misc.JavaLangAccess source: shared objects file
[0.093s][info][class,load] java.lang.System$2 source: shared objects file
[0.093s][info][class,load] java.lang.IllegalArgumentException source: shared objects file
[0.095s][info][class,load] java.lang.invoke.MethodHandleStatics source: shared objects file
[0.096s][info][class,load] java.lang.CharacterData source: shared objects file
[0.096s][info][class,load] java.lang.CharacterDataLatin1 source: shared objects file
[0.096s][info][class,load] jdk.internal.module.ModuleBootstrap source: shared objects file
[0.096s][info][class,load] java.lang.module.ModuleDescriptor source: shared objects file
[0.097s][info][class,load] jdk.internal.misc.JavaLangModuleAccess source: shared objects file
[0.097s][info][class,load] java.lang.module.ModuleDescriptor$1 source: shared objects file
[0.097s][info][class,load] java.io.File source: shared objects file
[0.097s][info][class,load] java.io.DefaultFileSystem source: shared objects file
[0.097s][info][class,load] java.io.FileSystem source: shared objects file
[0.097s][info][class,load] java.io.UnixFileSystem source: shared objects file
[0.097s][info][class,load] java.io.ExpiringCache source: shared objects file
[0.097s][info][class,load] java.util.LinkedHashMap source: shared objects file
[0.097s][info][class,load] java.io.ExpiringCache$1 source: shared objects file
[0.098s][info][class,load] jdk.internal.module.ModulePatcher source: shared objects file
[0.098s][info][class,load] jdk.internal.module.SystemModuleFinders source: shared objects file
[0.098s][info][class,load] java.net.URI source: shared objects file
[0.098s][info][class,load] jdk.internal.misc.JavaNetUriAccess source: shared objects file
[0.098s][info][class,load] java.net.URI$1 source: shared objects file
[0.098s][info][class,load] jdk.internal.module.SystemModulesMap source: shared objects file
[0.098s][info][class,load] jdk.internal.module.SystemModules source: shared objects file
[0.098s][info][class,load] jdk.internal.module.SystemModules$default source: shared objects file
[0.098s][info][class,load] jdk.internal.module.Builder source: shared objects file
[0.099s][info][class,load] java.lang.module.ModuleDescriptor$Requires source: shared objects file
[0.099s][info][class,load] java.util.ImmutableCollections source: shared objects file
[0.099s][info][class,load] java.util.ImmutableCollections$SetN source: shared objects file
[0.099s][info][class,load] java.lang.module.ModuleDescriptor$Exports source: shared objects file
[0.100s][info][class,load] java.lang.module.ModuleDescriptor$Opens source: shared objects file
[0.100s][info][class,load] java.lang.module.ModuleDescriptor$Provides source: shared objects file
[0.100s][info][class,load] java.util.ImmutableCollections$AbstractImmutableList source: shared objects file
[0.100s][info][class,load] java.util.ImmutableCollections$List12 source: shared objects file
[0.100s][info][class,load] java.lang.module.ModuleDescriptor$Version source: shared objects file
[0.100s][info][class,load] java.util.ArrayList source: shared objects file
[0.101s][info][class,load] java.lang.Enum source: shared objects file
[0.101s][info][class,load] java.lang.module.ModuleDescriptor$Modifier source: shared objects file
[0.101s][info][class,load] java.lang.module.ModuleDescriptor$Requires$Modifier source: shared objects file
[0.101s][info][class,load] java.util.ImmutableCollections$ListN source: shared objects file
[0.103s][info][class,load] jdk.internal.module.ModuleTarget source: shared objects file
[0.103s][info][class,load] jdk.internal.module.ModuleHashes source: shared objects file
[0.103s][info][class,load] jdk.internal.module.ModuleHashes$Builder source: shared objects file
[0.103s][info][class,load] java.util.HashMap$Node source: shared objects file
[0.103s][info][class,load] java.util.LinkedHashMap$Entry source: shared objects file
[0.103s][info][class,load] java.util.HashMap$TreeNode source: shared objects file
[0.103s][info][class,load] java.util.Collections$UnmodifiableMap source: shared objects file
[0.103s][info][class,load] jdk.internal.module.ModuleResolution source: shared objects file
[0.103s][info][class,load] java.lang.module.ModuleReference source: shared objects file
[0.103s][info][class,load] java.util.function.Supplier source: shared objects file
[0.103s][info][class,load] jdk.internal.module.SystemModuleFinders$2 source: shared objects file
[0.104s][info][class,load] jdk.internal.module.ModuleReferenceImpl source: shared objects file
[0.104s][info][class,load] java.util.KeyValueHolder source: shared objects file
[0.104s][info][class,load] jdk.internal.module.ModuleHashes$HashSupplier source: shared objects file
[0.104s][info][class,load] jdk.internal.module.SystemModuleFinders$3 source: shared objects file
[0.104s][info][class,load] java.lang.module.ModuleFinder source: shared objects file
[0.104s][info][class,load] jdk.internal.module.SystemModuleFinders$SystemModuleFinder source: shared objects file
[0.104s][info][class,load] jdk.internal.module.ModuleBootstrap$Counters source: shared objects file
[0.105s][info][class,load] java.util.Optional source: shared objects file
[0.105s][info][class,load] jdk.internal.loader.BootLoader source: shared objects file
[0.105s][info][class,load] jdk.internal.module.ServicesCatalog source: shared objects file
[0.105s][info][class,load] jdk.internal.loader.AbstractClassLoaderValue source: shared objects file
[0.105s][info][class,load] jdk.internal.loader.ClassLoaderValue source: shared objects file
[0.105s][info][class,load] jdk.internal.loader.ClassLoaders$BootClassLoader source: shared objects file
[0.105s][info][class,load] jdk.internal.reflect.Reflection source: shared objects file
[0.105s][info][class,load] java.lang.ClassLoader$ParallelLoaders source: shared objects file
[0.105s][info][class,load] java.util.WeakHashMap source: shared objects file
[0.105s][info][class,load] java.util.WeakHashMap$Entry source: shared objects file
[0.105s][info][class,load] java.util.Collections$SetFromMap source: shared objects file
[0.105s][info][class,load] java.util.WeakHashMap$KeySet source: shared objects file
[0.105s][info][class,load] java.util.Vector source: shared objects file
[0.106s][info][class,load] jdk.internal.misc.JavaSecurityAccess source: shared objects file
[0.106s][info][class,load] java.security.ProtectionDomain$JavaSecurityAccessImpl source: shared objects file
[0.106s][info][class,load] java.security.ProtectionDomain$Key source: shared objects file
[0.106s][info][class,load] java.security.Principal source: shared objects file
[0.106s][info][class,load] jdk.internal.loader.URLClassPath source: shared objects file
[0.106s][info][class,load] java.net.URLStreamHandlerFactory source: shared objects file
[0.106s][info][class,load] java.net.URL$DefaultFactory source: shared objects file
[0.106s][info][class,load] jdk.internal.misc.JavaNetURLAccess source: shared objects file
[0.106s][info][class,load] java.net.URL$3 source: shared objects file
[0.106s][info][class,load] java.io.File$PathStatus source: shared objects file
[0.107s][info][class,load] java.io.ExpiringCache$Entry source: shared objects file
[0.107s][info][class,load] sun.net.www.ParseUtil source: shared objects file
[0.107s][info][class,load] java.net.URLStreamHandler source: shared objects file
[0.107s][info][class,load] sun.net.www.protocol.file.Handler source: shared objects file
[0.107s][info][class,load] java.lang.Class$ReflectionData source: shared objects file
[0.107s][info][class,load] java.lang.Class$Atomic source: shared objects file
[0.107s][info][class,load] java.lang.reflect.Modifier source: shared objects file
[0.107s][info][class,load] jdk.internal.reflect.LangReflectAccess source: shared objects file
[0.107s][info][class,load] java.lang.reflect.ReflectAccess source: shared objects file
[0.107s][info][class,load] java.lang.Class$1 source: shared objects file
[0.108s][info][class,load] jdk.internal.reflect.NativeConstructorAccessorImpl source: shared objects file
[0.108s][info][class,load] jdk.internal.reflect.DelegatingConstructorAccessorImpl source: shared objects file
[0.108s][info][class,load] java.util.Queue source: shared objects file
[0.108s][info][class,load] java.util.Deque source: shared objects file
[0.108s][info][class,load] java.util.ArrayDeque source: shared objects file
[0.108s][info][class,load] jdk.internal.util.Preconditions source: shared objects file
[0.108s][info][class,load] jdk.internal.loader.BuiltinClassLoader$LoadedModule source: shared objects file
[0.108s][info][class,load] sun.net.www.protocol.jrt.Handler source: shared objects file
[0.108s][info][class,load] java.util.ImmutableCollections$SetN$SetNIterator source: shared objects file
[0.109s][info][class,load] java.lang.module.Configuration source: shared objects file
[0.109s][info][class,load] java.lang.module.ResolvedModule source: shared objects file
[0.109s][info][class,load] java.util.AbstractMap$1 source: shared objects file
[0.109s][info][class,load] java.util.AbstractMap$1$1 source: shared objects file
[0.109s][info][class,load] java.util.ImmutableCollections$MapN$1 source: shared objects file
[0.109s][info][class,load] java.util.ImmutableCollections$MapN$MapNIterator source: shared objects file
[0.110s][info][class,load] java.util.ImmutableCollections$Set12$1 source: shared objects file
[0.110s][info][class,load] jdk.internal.module.ModuleLoaderMap source: shared objects file
[0.110s][info][class,load] java.util.function.Function source: shared objects file
[0.110s][info][class,load] jdk.internal.module.ModuleLoaderMap$Mapper source: shared objects file
[0.111s][info][class,load] java.util.concurrent.ConcurrentHashMap$ForwardingNode source: shared objects file
[0.112s][info][class,load] java.lang.ModuleLayer source: shared objects file
[0.112s][info][class,load] java.util.ListIterator source: shared objects file
[0.112s][info][class,load] java.util.ImmutableCollections$ListItr source: shared objects file
[0.112s][info][class,load] java.util.ArrayList$Itr source: shared objects file
[0.114s][info][class,load] java.util.Collections$UnmodifiableCollection source: shared objects file
[0.114s][info][class,load] java.util.Collections$UnmodifiableSet source: shared objects file
[0.114s][info][class,load] java.util.Collections$UnmodifiableCollection$1 source: shared objects file
[0.117s][info][class,load] java.util.concurrent.CopyOnWriteArrayList source: shared objects file
[0.117s][info][class,load] jdk.internal.module.ServicesCatalog$ServiceProvider source: shared objects file
[0.118s][info][class,load] java.util.HashMap$KeySet source: shared objects file
[0.118s][info][class,load] java.util.HashMap$HashIterator source: shared objects file
[0.118s][info][class,load] java.util.HashMap$KeyIterator source: shared objects file
[0.118s][info][class,load] java.lang.ModuleLayer$Controller source: shared objects file
[0.118s][info][class,load] jdk.internal.module.IllegalAccessLogger$Mode source: shared objects file
[0.118s][info][class,load] jdk.internal.module.IllegalAccessLogger$Builder source: shared objects file
[0.118s][info][class,load] java.util.HashMap$Values source: shared objects file
[0.118s][info][class,load] java.util.HashMap$ValueIterator source: shared objects file
[0.119s][info][class,load] jdk.internal.module.ModuleBootstrap$2 source: shared objects file
[0.119s][info][class,load] java.util.HashMap$EntrySet source: shared objects file
[0.119s][info][class,load] java.util.HashMap$EntryIterator source: shared objects file
[0.121s][info][class,load] jdk.internal.module.IllegalAccessLogger source: shared objects file
[0.122s][info][class,load] jdk.jfr.internal.EventWriter source: shared objects file
[0.123s][info][class,load] sun.launcher.LauncherHelper source: shared objects file
[0.123s][info][class,load] java.lang.StringCoding source: shared objects file
[0.123s][info][class,load] sun.nio.cs.ISO_8859_1 source: shared objects file
[0.123s][info][class,load] sun.nio.cs.US_ASCII source: shared objects file
[0.124s][info][class,load] java.lang.StringCoding$1 source: shared objects file
[0.124s][info][class,load] java.lang.ThreadLocal$ThreadLocalMap source: shared objects file
[0.124s][info][class,load] java.lang.ThreadLocal$ThreadLocalMap$Entry source: shared objects file
[0.124s][info][class,load] jdk.internal.misc.TerminatingThreadLocal source: shared objects file
[0.124s][info][class,load] java.lang.StringCoding$Result source: shared objects file
[0.124s][info][class,load] java.util.zip.ZipConstants source: shared objects file
[0.124s][info][class,load] java.util.zip.ZipFile source: shared objects file
[0.124s][info][class,load] java.util.jar.JarFile source: shared objects file
[0.124s][info][class,load] jdk.internal.misc.JavaUtilZipFileAccess source: shared objects file
[0.124s][info][class,load] java.util.zip.ZipFile$1 source: shared objects file
[0.124s][info][class,load] jdk.internal.misc.JavaUtilJarAccess source: shared objects file
[0.124s][info][class,load] java.util.jar.JavaUtilJarAccessImpl source: shared objects file
[0.124s][info][class,load] java.lang.Runtime$Version source: shared objects file
[0.124s][info][class,load] java.nio.charset.StandardCharsets source: shared objects file
[0.124s][info][class,load] sun.nio.cs.UTF_16BE source: shared objects file
[0.124s][info][class,load] sun.nio.cs.UTF_16LE source: shared objects file
[0.124s][info][class,load] sun.nio.cs.UTF_16 source: shared objects file
[0.124s][info][class,load] java.util.zip.ZipCoder source: shared objects file
[0.125s][info][class,load] java.util.zip.ZipCoder$UTF8 source: shared objects file
[0.125s][info][class,load] java.util.zip.ZipFile$CleanableResource source: shared objects file
[0.125s][info][class,load] jdk.internal.ref.CleanerFactory source: shared objects file
[0.125s][info][class,load] java.util.concurrent.ThreadFactory source: shared objects file
[0.125s][info][class,load] jdk.internal.ref.CleanerFactory$1 source: shared objects file
[0.125s][info][class,load] java.lang.ref.Cleaner source: shared objects file
[0.125s][info][class,load] java.lang.ref.Cleaner$1 source: shared objects file
[0.125s][info][class,load] jdk.internal.ref.CleanerImpl source: shared objects file
[0.125s][info][class,load] java.lang.ref.Cleaner$Cleanable source: shared objects file
[0.125s][info][class,load] jdk.internal.ref.PhantomCleanable source: shared objects file
[0.125s][info][class,load] jdk.internal.ref.CleanerImpl$PhantomCleanableRef source: shared objects file
[0.125s][info][class,load] jdk.internal.ref.WeakCleanable source: shared objects file
[0.125s][info][class,load] jdk.internal.ref.CleanerImpl$WeakCleanableRef source: shared objects file
[0.125s][info][class,load] jdk.internal.ref.SoftCleanable source: shared objects file
[0.125s][info][class,load] jdk.internal.ref.CleanerImpl$SoftCleanableRef source: shared objects file
[0.125s][info][class,load] jdk.internal.ref.CleanerImpl$CleanerCleanable source: shared objects file
[0.125s][info][class,load] jdk.internal.ref.CleanerFactory$1$1 source: shared objects file
[0.125s][info][class,load] jdk.internal.misc.InnocuousThread source: shared objects file
[0.125s][info][class,load] jdk.internal.misc.InnocuousThread$3 source: shared objects file
[0.126s][info][class,load] jdk.internal.misc.InnocuousThread$2 source: shared objects file
[0.126s][info][class,load] java.util.zip.ZipFile$Source source: shared objects file
[0.126s][info][class,load] java.util.zip.ZipFile$Source$Key source: shared objects file
[0.126s][info][class,load] java.nio.file.FileSystems source: shared objects file
[0.126s][info][class,load] sun.nio.fs.DefaultFileSystemProvider source: shared objects file
[0.126s][info][class,load] java.nio.file.spi.FileSystemProvider source: shared objects file
[0.126s][info][class,load] sun.nio.fs.AbstractFileSystemProvider source: shared objects file
[0.126s][info][class,load] sun.nio.fs.UnixFileSystemProvider source: shared objects file
[0.126s][info][class,load] sun.nio.fs.LinuxFileSystemProvider source: shared objects file
[0.127s][info][class,load] java.nio.file.OpenOption source: shared objects file
[0.127s][info][class,load] java.nio.file.StandardOpenOption source: shared objects file
[0.127s][info][class,load] java.nio.file.FileSystem source: shared objects file
[0.127s][info][class,load] sun.nio.fs.UnixFileSystem source: shared objects file
[0.127s][info][class,load] sun.nio.fs.LinuxFileSystem source: shared objects file
[0.127s][info][class,load] java.nio.file.Watchable source: shared objects file
[0.127s][info][class,load] java.nio.file.Path source: shared objects file
[0.127s][info][class,load] sun.nio.fs.UnixPath source: shared objects file
[0.127s][info][class,load] sun.nio.fs.Util source: shared objects file
[0.127s][info][class,load] sun.nio.fs.UnixNativeDispatcher source: shared objects file
[0.127s][info][class,load] sun.nio.fs.UnixNativeDispatcher$1 source: shared objects file
[0.127s][info][class,load] java.lang.ClassLoader$2 source: shared objects file
[0.128s][info][class,load] java.lang.ClassLoader$NativeLibrary source: shared objects file
[0.128s][info][class,load] java.util.ArrayDeque$DeqIterator source: shared objects file
[0.130s][info][class,load] java.util.concurrent.ConcurrentHashMap$ValuesView source: shared objects file
[0.130s][info][class,load] java.util.Enumeration source: shared objects file
[0.130s][info][class,load] java.util.concurrent.ConcurrentHashMap$ValueIterator source: shared objects file
[0.130s][info][class,load] java.nio.file.attribute.BasicFileAttributes source: shared objects file
[0.130s][info][class,load] java.nio.file.attribute.PosixFileAttributes source: shared objects file
[0.131s][info][class,load] sun.nio.fs.UnixFileAttributes source: shared objects file
[0.131s][info][class,load] sun.nio.fs.UnixFileStoreAttributes source: shared objects file
[0.131s][info][class,load] sun.nio.fs.UnixMountEntry source: shared objects file
[0.131s][info][class,load] java.lang.Readable source: shared objects file
[0.131s][info][class,load] java.nio.CharBuffer source: shared objects file
[0.131s][info][class,load] java.nio.HeapCharBuffer source: shared objects file
[0.131s][info][class,load] java.nio.charset.CoderResult source: shared objects file
[0.131s][info][class,load] java.nio.file.FileSystems$DefaultFileSystemHolder source: shared objects file
[0.131s][info][class,load] java.nio.file.FileSystems$DefaultFileSystemHolder$1 source: shared objects file
[0.131s][info][class,load] java.net.URI$Parser source: shared objects file
[0.131s][info][class,load] java.nio.file.CopyOption source: shared objects file
[0.131s][info][class,load] java.nio.file.LinkOption source: shared objects file
[0.131s][info][class,load] java.nio.file.Files source: shared objects file
[0.132s][info][class,load] java.nio.file.attribute.DosFileAttributes source: shared objects file
[0.132s][info][class,load] java.nio.file.attribute.AttributeView source: shared objects file
[0.132s][info][class,load] java.nio.file.attribute.FileAttributeView source: shared objects file
[0.132s][info][class,load] java.nio.file.attribute.BasicFileAttributeView source: shared objects file
[0.132s][info][class,load] java.nio.file.attribute.DosFileAttributeView source: shared objects file
[0.132s][info][class,load] java.nio.file.attribute.UserDefinedFileAttributeView source: shared objects file
[0.132s][info][class,load] sun.nio.fs.UnixFileAttributeViews source: shared objects file
[0.132s][info][class,load] sun.nio.fs.DynamicFileAttributeView source: shared objects file
[0.132s][info][class,load] sun.nio.fs.AbstractBasicFileAttributeView source: shared objects file
[0.132s][info][class,load] sun.nio.fs.UnixFileAttributeViews$Basic source: shared objects file
[0.132s][info][class,load] sun.nio.fs.NativeBuffers source: shared objects file
[0.132s][info][class,load] sun.nio.fs.NativeBuffers$1 source: shared objects file
[0.132s][info][class,load] jdk.internal.misc.TerminatingThreadLocal$1 source: shared objects file
[0.132s][info][class,load] java.util.IdentityHashMap source: shared objects file
[0.132s][info][class,load] java.util.IdentityHashMap$KeySet source: shared objects file
[0.132s][info][class,load] sun.nio.fs.NativeBuffer source: shared objects file
[0.132s][info][class,load] sun.nio.fs.NativeBuffer$Deallocator source: shared objects file
[0.132s][info][class,load] sun.nio.fs.UnixFileAttributes$UnixAsBasicFileAttributes source: shared objects file
[0.133s][info][class,load] java.util.concurrent.TimeUnit source: shared objects file
[0.133s][info][class,load] java.nio.file.attribute.FileTime source: shared objects file
[0.133s][info][class,load] java.io.DataOutput source: shared objects file
[0.133s][info][class,load] java.io.DataInput source: shared objects file
[0.133s][info][class,load] java.io.RandomAccessFile source: shared objects file
[0.133s][info][class,load] jdk.internal.misc.JavaIORandomAccessFileAccess source: shared objects file
[0.133s][info][class,load] java.io.RandomAccessFile$2 source: shared objects file
[0.133s][info][class,load] java.util.concurrent.atomic.AtomicBoolean source: shared objects file
[0.133s][info][class,load] java.lang.invoke.MethodHandles source: shared objects file
[0.133s][info][class,load] java.lang.invoke.MemberName$Factory source: shared objects file
[0.133s][info][class,load] java.security.Guard source: shared objects file
[0.133s][info][class,load] java.security.Permission source: shared objects file
[0.133s][info][class,load] java.security.BasicPermission source: shared objects file
[0.133s][info][class,load] java.lang.reflect.ReflectPermission source: shared objects file
[0.133s][info][class,load] java.lang.invoke.MethodHandles$Lookup source: shared objects file
[0.133s][info][class,load] sun.invoke.util.VerifyAccess source: shared objects file
[0.134s][info][class,load] java.lang.NoSuchFieldException source: shared objects file
[0.134s][info][class,load] java.lang.invoke.VarHandles source: shared objects file
[0.134s][info][class,load] java.lang.invoke.VarHandleInts$FieldInstanceReadOnly source: shared objects file
[0.134s][info][class,load] java.lang.invoke.VarHandleInts$FieldInstanceReadWrite source: shared objects file
[0.134s][info][class,load] java.lang.invoke.VarHandle$1 source: shared objects file
[0.134s][info][class,load] java.util.function.BiFunction source: shared objects file
[0.134s][info][class,load] jdk.internal.util.Preconditions$1 source: shared objects file
[0.134s][info][class,load] java.lang.invoke.VarHandleGuards source: shared objects file
[0.134s][info][class,load] java.lang.invoke.VarForm source: shared objects file
[0.134s][info][class,load] java.lang.invoke.VarHandle$AccessType source: shared objects file
[0.134s][info][class,load] java.lang.Void source: shared objects file
[0.134s][info][class,load] java.lang.invoke.VarHandle$AccessMode source: shared objects file
[0.135s][info][class,load] java.lang.invoke.MethodType$ConcurrentWeakInternSet source: shared objects file
[0.135s][info][class,load] java.lang.invoke.MethodType$ConcurrentWeakInternSet$WeakEntry source: shared objects file
[0.135s][info][class,load] java.lang.invoke.MethodTypeForm source: shared objects file
[0.135s][info][class,load] sun.invoke.util.Wrapper source: shared objects file
[0.135s][info][class,load] sun.invoke.util.Wrapper$Format source: shared objects file
[0.136s][info][class,load] java.io.FileCleanable source: shared objects file
[0.136s][info][class,load] java.util.zip.ZipFile$Source$End source: shared objects file
[0.136s][info][class,load] java.util.zip.ZipUtils source: shared objects file
[0.137s][info][class,load] jdk.internal.perf.PerfCounter source: shared objects file
[0.137s][info][class,load] jdk.internal.perf.Perf$GetPerfAction source: shared objects file
[0.137s][info][class,load] jdk.internal.perf.Perf source: shared objects file
[0.137s][info][class,load] jdk.internal.perf.PerfCounter$CoreCounters source: shared objects file
[0.137s][info][class,load] sun.nio.ch.DirectBuffer source: shared objects file
[0.137s][info][class,load] java.nio.MappedByteBuffer source: shared objects file
[0.137s][info][class,load] java.nio.DirectByteBuffer source: shared objects file
[0.137s][info][class,load] java.nio.Bits source: shared objects file
[0.137s][info][class,load] java.util.concurrent.atomic.AtomicLong source: shared objects file
[0.137s][info][class,load] jdk.internal.misc.JavaNioAccess$BufferPool source: shared objects file
[0.137s][info][class,load] java.nio.Bits$1 source: shared objects file
[0.137s][info][class,load] java.nio.LongBuffer source: shared objects file
[0.137s][info][class,load] java.nio.DirectLongBufferU source: shared objects file
[0.138s][info][class,load] java.util.jar.JarFile$1 source: shared objects file
[0.138s][info][class,load] java.util.zip.ZipEntry source: shared objects file
[0.138s][info][class,load] java.util.jar.JarEntry source: shared objects file
[0.138s][info][class,load] java.util.jar.JarFile$JarFileEntry source: shared objects file
[0.138s][info][class,load] java.util.zip.ZipFile$ZipFileInputStream source: shared objects file
[0.138s][info][class,load] java.util.zip.InflaterInputStream source: shared objects file
[0.138s][info][class,load] java.util.zip.ZipFile$ZipFileInflaterInputStream source: shared objects file
[0.138s][info][class,load] java.util.zip.Inflater source: shared objects file
[0.139s][info][class,load] java.util.zip.Inflater$InflaterZStreamRef source: shared objects file
[0.139s][info][class,load] java.util.zip.ZipFile$InflaterCleanupAction source: shared objects file
[0.139s][info][class,load] java.util.jar.JarVerifier source: shared objects file
[0.139s][info][class,load] sun.security.util.Debug source: shared objects file
[0.139s][info][class,load] java.security.CodeSigner source: shared objects file
[0.139s][info][class,load] java.io.ByteArrayOutputStream source: shared objects file
[0.139s][info][class,load] java.util.jar.Attributes source: shared objects file
[0.139s][info][class,load] java.util.jar.Manifest$FastInputStream source: shared objects file
[0.139s][info][class,load] sun.util.PreHashedMap source: shared objects file
[0.139s][info][class,load] sun.nio.cs.StandardCharsets$Aliases source: shared objects file
[0.140s][info][class,load] sun.nio.cs.StandardCharsets$Cache source: shared objects file
[0.140s][info][class,load] java.util.jar.Attributes$Name source: shared objects file
[0.140s][info][class,load] java.lang.StringUTF16 source: shared objects file
[0.140s][info][class,load] java.lang.invoke.VarHandle$AccessDescriptor source: shared objects file
[0.140s][info][class,load] java.io.RandomAccessFile$1 source: shared objects file
[0.141s][info][class,load] java.lang.NamedPackage source: shared objects file
[0.141s][info][class,load] java.lang.Package source: shared objects file
[0.142s][info][class,load] java.lang.Package$VersionInfo source: shared objects file
[0.142s][info][class,load] sun.net.util.URLUtil source: shared objects file
[0.142s][info][class,load] java.util.Locale source: shared objects file
[0.142s][info][class,load] sun.util.locale.LocaleObjectCache source: shared objects file
[0.142s][info][class,load] java.util.Locale$Cache source: shared objects file
[0.142s][info][class,load] sun.util.locale.BaseLocale source: shared objects file
[0.142s][info][class,load] sun.util.locale.BaseLocale$Cache source: shared objects file
[0.142s][info][class,load] sun.util.locale.BaseLocale$Key source: shared objects file
[0.142s][info][class,load] sun.util.locale.LocaleObjectCache$CacheEntry source: shared objects file
[0.142s][info][class,load] sun.util.locale.LocaleUtils source: shared objects file
[0.142s][info][class,load] sun.util.locale.InternalLocaleBuilder source: shared objects file
[0.143s][info][class,load] sun.util.locale.InternalLocaleBuilder$CaseInsensitiveChar source: shared objects file
[0.143s][info][class,load] java.security.SecureClassLoader$CodeSourceKey source: shared objects file
[0.143s][info][class,load] java.security.SecureClassLoader$1 source: shared objects file
[0.143s][info][class,load] java.security.PermissionCollection source: shared objects file
[0.143s][info][class,load] java.security.Permissions source: shared objects file
[0.143s][info][class,load] java.net.URLConnection source: shared objects file
[0.143s][info][class,load] sun.net.www.URLConnection source: shared objects file
[0.143s][info][class,load] sun.net.www.protocol.file.FileURLConnection source: shared objects file
[0.143s][info][class,load] sun.net.www.MessageHeader source: shared objects file
[0.143s][info][class,load] java.io.FilePermission source: shared objects file
[0.143s][info][class,load] jdk.internal.misc.JavaIOFilePermissionAccess source: shared objects file
[0.143s][info][class,load] java.io.FilePermission$1 source: shared objects file
[0.144s][info][class,load] sun.security.util.FilePermCompat source: shared objects file
[0.144s][info][class,load] java.security.Permissions$1 source: shared objects file
[0.144s][info][class,load] java.io.FilePermissionCollection source: shared objects file
[0.144s][info][class,load] java.io.FilePermissionCollection$1 source: shared objects file
[0.144s][info][class,load] java.security.AllPermission source: shared objects file
[0.144s][info][class,load] java.security.UnresolvedPermission source: shared objects file
[0.144s][info][class,load] java.lang.RuntimePermission source: shared objects file
[0.144s][info][class,load] java.security.BasicPermissionCollection source: shared objects file
[0.144s][info][class,load] java.security.SecureClassLoader$DebugHolder source: shared objects file
[0.144s][info][class,load] sample.HelloCDS source: shared objects file
[0.144s][info][class,load] java.lang.PublicMethods$MethodList source: shared objects file
[0.144s][info][class,load] java.lang.PublicMethods$Key source: shared objects file
[0.145s][info][class,load] java.security.PrivilegedExceptionAction source: shared objects file
[0.145s][info][class,load] jdk.internal.loader.URLClassPath$3 source: shared objects file
[0.145s][info][class,load] jdk.internal.loader.URLClassPath$Loader source: shared objects file
[0.145s][info][class,load] jdk.internal.loader.URLClassPath$JarLoader source: shared objects file
[0.145s][info][class,load] sun.net.www.protocol.jar.Handler source: shared objects file
[0.145s][info][class,load] jdk.internal.loader.URLClassPath$JarLoader$1 source: shared objects file
[0.145s][info][class,load] jdk.internal.loader.FileURLMapper source: shared objects file
[0.146s][info][class,load] jdk.internal.util.jar.JarIndex source: shared objects file
[0.147s][info][class,load] java.util.StringTokenizer source: shared objects file
[0.149s][info][class,load] jdk.internal.loader.Resource source: shared objects file
[0.149s][info][class,load] jdk.internal.loader.URLClassPath$JarLoader$2 source: shared objects file
[0.150s][info][class,load] sun.nio.ByteBuffered source: shared objects file
[0.151s][info][class,load] org.slf4j.LoggerFactory source: file:/mnt/c/Users//.gradle/caches/modules-2/files-2.1/org.slf4j/slf4j-api/1.7.25/da76ca59f6a57ee3102f8f9bd9cee742973efa8a/slf4j-api-1.7.25.jar
[0.151s][info][class,load] org.slf4j.ILoggerFactory source: file:/mnt/c/Users//.gradle/caches/modules-2/files-2.1/org.slf4j/slf4j-api/1.7.25/da76ca59f6a57ee3102f8f9bd9cee742973efa8a/slf4j-api-1.7.25.jar
[0.151s][info][class,load] java.lang.IllegalStateException source: shared objects file
[0.152s][info][class,load] java.io.IOException source: shared objects file
[0.152s][info][class,load] java.lang.IncompatibleClassChangeError source: shared objects file
[0.152s][info][class,load] java.lang.NoSuchFieldError source: shared objects file
[0.152s][info][class,load] org.slf4j.event.LoggingEvent source: file:/mnt/c/Users//.gradle/caches/modules-2/files-2.1/org.slf4j/slf4j-api/1.7.25/da76ca59f6a57ee3102f8f9bd9cee742973efa8a/slf4j-api-1.7.25.jar
[0.152s][info][class,load] java.lang.NoSuchMethodError source: shared objects file
[0.153s][info][class,load] org.slf4j.helpers.SubstituteLoggerFactory source: file:/mnt/c/Users//.gradle/caches/modules-2/files-2.1/org.slf4j/slf4j-api/1.7.25/da76ca59f6a57ee3102f8f9bd9cee742973efa8a/slf4j-api-1.7.25.jar
[0.154s][info][class,load] org.slf4j.Logger source: file:/mnt/c/Users//.gradle/caches/modules-2/files-2.1/org.slf4j/slf4j-api/1.7.25/da76ca59f6a57ee3102f8f9bd9cee742973efa8a/slf4j-api-1.7.25.jar
[0.154s][info][class,load] java.util.AbstractQueue source: shared objects file
[0.154s][info][class,load] java.util.concurrent.BlockingQueue source: shared objects file
[0.154s][info][class,load] java.util.concurrent.LinkedBlockingQueue source: shared objects file
[0.154s][info][class,load] java.util.concurrent.locks.AbstractQueuedSynchronizer source: shared objects file
[0.154s][info][class,load] java.util.concurrent.locks.ReentrantLock$Sync source: shared objects file
[0.154s][info][class,load] java.util.concurrent.locks.ReentrantLock$NonfairSync source: shared objects file
[0.154s][info][class,load] java.util.concurrent.locks.AbstractQueuedSynchronizer$Node source: shared objects file
[0.154s][info][class,load] java.lang.invoke.VarHandleObjects$FieldInstanceReadOnly source: shared objects file
[0.154s][info][class,load] java.lang.invoke.VarHandleObjects$FieldInstanceReadWrite source: shared objects file
[0.155s][info][class,load] java.util.concurrent.locks.Condition source: shared objects file
[0.155s][info][class,load] java.util.concurrent.locks.AbstractQueuedSynchronizer$ConditionObject source: shared objects file
[0.155s][info][class,load] java.util.concurrent.LinkedBlockingQueue$Node source: shared objects file
[0.155s][info][class,load] org.slf4j.helpers.NOPLoggerFactory source: file:/mnt/c/Users//.gradle/caches/modules-2/files-2.1/org.slf4j/slf4j-api/1.7.25/da76ca59f6a57ee3102f8f9bd9cee742973efa8a/slf4j-api-1.7.25.jar
[0.156s][info][class,load] org.slf4j.helpers.Util source: file:/mnt/c/Users//.gradle/caches/modules-2/files-2.1/org.slf4j/slf4j-api/1.7.25/da76ca59f6a57ee3102f8f9bd9cee742973efa8a/slf4j-api-1.7.25.jar
[0.156s][info][class,load] java.lang.SecurityException source: shared objects file
[0.156s][info][class,load] java.util.LinkedHashSet source: shared objects file
[0.156s][info][class,load] jdk.internal.module.Resources source: shared objects file
[0.156s][info][class,load] jdk.internal.loader.BuiltinClassLoader$2 source: shared objects file
[0.157s][info][class,load] jdk.internal.loader.BuiltinClassLoader$5 source: shared objects file
[0.157s][info][class,load] java.lang.module.ModuleReader source: shared objects file
[0.157s][info][class,load] jdk.internal.module.SystemModuleFinders$SystemModuleReader source: shared objects file
[0.157s][info][class,load] jdk.internal.module.SystemModuleFinders$SystemImage source: shared objects file
[0.157s][info][class,load] jdk.internal.jimage.ImageReaderFactory source: shared objects file
[0.157s][info][class,load] java.nio.file.Paths source: shared objects file
[0.157s][info][class,load] jdk.internal.jimage.ImageReaderFactory$1 source: shared objects file
[0.157s][info][class,load] jdk.internal.jimage.ImageReader source: shared objects file
[0.157s][info][class,load] jdk.internal.jimage.BasicImageReader source: shared objects file
[0.157s][info][class,load] jdk.internal.jimage.ImageReader$SharedImageReader source: shared objects file
[0.157s][info][class,load] jdk.internal.jimage.BasicImageReader$1 source: shared objects file
[0.157s][info][class,load] jdk.internal.jimage.NativeImageBuffer source: shared objects file
[0.157s][info][class,load] jdk.internal.jimage.NativeImageBuffer$1 source: shared objects file
[0.158s][info][class,load] jdk.internal.jimage.ImageHeader source: shared objects file
[0.158s][info][class,load] java.nio.IntBuffer source: shared objects file
[0.158s][info][class,load] java.nio.DirectIntBufferU source: shared objects file
[0.158s][info][class,load] java.nio.DirectByteBufferR source: shared objects file
[0.158s][info][class,load] java.nio.DirectIntBufferRU source: shared objects file
[0.158s][info][class,load] jdk.internal.jimage.ImageStrings source: shared objects file
[0.158s][info][class,load] jdk.internal.jimage.ImageStringsReader source: shared objects file
[0.159s][info][class,load] jdk.internal.jimage.decompressor.Decompressor source: shared objects file
[0.159s][info][class,load] jdk.internal.jimage.ImageLocation source: shared objects file
[0.160s][info][class,load] java.util.Collections$EmptyIterator source: shared objects file
[0.160s][info][class,load] java.util.Collections$EmptyEnumeration source: shared objects file
[0.160s][info][class,load] jdk.internal.loader.BuiltinClassLoader$1 source: shared objects file
[0.161s][info][class,load] java.lang.CompoundEnumeration source: shared objects file
[0.162s][info][class,load] jdk.internal.loader.URLClassPath$1 source: shared objects file
[0.164s][info][class,load] org.slf4j.spi.LoggerFactoryBinder source: file:/mnt/c/Users//.gradle/caches/modules-2/files-2.1/org.slf4j/slf4j-api/1.7.25/da76ca59f6a57ee3102f8f9bd9cee742973efa8a/slf4j-api-1.7.25.jar
[0.164s][info][class,load] org.slf4j.impl.StaticLoggerBinder source: file:/mnt/c/lang/mysamples/project-uprise/hellocds/jar/lib/slf4j-simple-1.7.25.jar
[0.165s][info][class,load] org.slf4j.impl.SimpleLoggerFactory source: file:/mnt/c/lang/mysamples/project-uprise/hellocds/jar/lib/slf4j-simple-1.7.25.jar
[0.166s][info][class,load] org.slf4j.helpers.NamedLoggerBase source: file:/mnt/c/Users//.gradle/caches/modules-2/files-2.1/org.slf4j/slf4j-api/1.7.25/da76ca59f6a57ee3102f8f9bd9cee742973efa8a/slf4j-api-1.7.25.jar
[0.166s][info][class,load] org.slf4j.helpers.MarkerIgnoringBase source: file:/mnt/c/Users//.gradle/caches/modules-2/files-2.1/org.slf4j/slf4j-api/1.7.25/da76ca59f6a57ee3102f8f9bd9cee742973efa8a/slf4j-api-1.7.25.jar
[0.166s][info][class,load] org.slf4j.impl.SimpleLogger source: file:/mnt/c/lang/mysamples/project-uprise/hellocds/jar/lib/slf4j-simple-1.7.25.jar
[0.168s][info][class,load] org.slf4j.impl.SimpleLoggerConfiguration source: file:/mnt/c/lang/mysamples/project-uprise/hellocds/jar/lib/slf4j-simple-1.7.25.jar
[0.168s][info][class,load] java.io.FileNotFoundException source: shared objects file
[0.168s][info][class,load] java.text.Format source: shared objects file
[0.168s][info][class,load] java.text.DateFormat source: shared objects file
[0.168s][info][class,load] java.text.SimpleDateFormat source: shared objects file
[0.169s][info][class,load] org.slf4j.impl.SimpleLoggerConfiguration$1 source: file:/mnt/c/lang/mysamples/project-uprise/hellocds/jar/lib/slf4j-simple-1.7.25.jar
[0.170s][info][class,load] org.slf4j.impl.OutputChoice source: file:/mnt/c/lang/mysamples/project-uprise/hellocds/jar/lib/slf4j-simple-1.7.25.jar
[0.171s][info][class,load] org.slf4j.impl.OutputChoice$OutputChoiceType source: file:/mnt/c/lang/mysamples/project-uprise/hellocds/jar/lib/slf4j-simple-1.7.25.jar
[0.172s][info][class,load] org.slf4j.impl.OutputChoice$1 source: file:/mnt/c/lang/mysamples/project-uprise/hellocds/jar/lib/slf4j-simple-1.7.25.jar
[0.173s][info][class,load] org.slf4j.helpers.MessageFormatter source: file:/mnt/c/Users//.gradle/caches/modules-2/files-2.1/org.slf4j/slf4j-api/1.7.25/da76ca59f6a57ee3102f8f9bd9cee742973efa8a/slf4j-api-1.7.25.jar
[0.174s][info][class,load] org.slf4j.helpers.FormattingTuple source: file:/mnt/c/Users//.gradle/caches/modules-2/files-2.1/org.slf4j/slf4j-api/1.7.25/da76ca59f6a57ee3102f8f9bd9cee742973efa8a/slf4j-api-1.7.25.jar
[0.174s][info][class,load] java.util.IdentityHashMap$IdentityHashMapIterator source: shared objects file
[0.174s][info][class,load] java.util.IdentityHashMap$KeyIterator source: shared objects file
[0.175s][info][class,load] java.lang.Shutdown source: shared objects file
[0.175s][info][class,load] java.lang.Shutdown$Lock source: shared objects file
